[2020-03-17 17:18:57] local.ERROR: SQLSTATE[42000]: Syntax error or access violation: 1071 Specified key was too long; max key length is 1000 bytes (SQL: alter table `users` add unique `users_password_token_unique`(`password_token`)) {"exception":"[object] (Illuminate\\Database\\QueryException(code: 42000): SQLSTATE[42000]: Syntax error or access violation: 1071 Specified key was too long; max key length is 1000 bytes (SQL: alter table `users` add unique `users_password_token_unique`(`password_token`)) at D:\\code\\01-cashingames\\cashingames-api\\vendor\\laravel\\framework\\src\\Illuminate\\Database\\Connection.php:669)
[stacktrace]
#0 D:\\code\\01-cashingames\\cashingames-api\\vendor\\laravel\\framework\\src\\Illuminate\\Database\\Connection.php(629): Illuminate\\Database\\Connection->runQueryCallback()
#1 D:\\code\\01-cashingames\\cashingames-api\\vendor\\laravel\\framework\\src\\Illuminate\\Database\\Connection.php(464): Illuminate\\Database\\Connection->run()
#2 D:\\code\\01-cashingames\\cashingames-api\\vendor\\laravel\\framework\\src\\Illuminate\\Database\\Schema\\Blueprint.php(97): Illuminate\\Database\\Connection->statement()
#3 D:\\code\\01-cashingames\\cashingames-api\\vendor\\laravel\\framework\\src\\Illuminate\\Database\\Schema\\Builder.php(290): Illuminate\\Database\\Schema\\Blueprint->build()
#4 D:\\code\\01-cashingames\\cashingames-api\\vendor\\laravel\\framework\\src\\Illuminate\\Database\\Schema\\Builder.php(151): Illuminate\\Database\\Schema\\Builder->build()
#5 D:\\code\\01-cashingames\\cashingames-api\\vendor\\laravel\\framework\\src\\Illuminate\\Support\\Facades\\Facade.php(261): Illuminate\\Database\\Schema\\Builder->table()
#6 D:\\code\\01-cashingames\\cashingames-api\\database\\migrations\\2020_03_02_190547_add_password_token_and_expiry_to_user_table.php(20): Illuminate\\Support\\Facades\\Facade::__callStatic()
#7 D:\\code\\01-cashingames\\cashingames-api\\vendor\\laravel\\framework\\src\\Illuminate\\Database\\Migrations\\Migrator.php(392): AddPasswordTokenAndExpiryToUserTable->up()
#8 D:\\code\\01-cashingames\\cashingames-api\\vendor\\laravel\\framework\\src\\Illuminate\\Database\\Migrations\\Migrator.php(401): Illuminate\\Database\\Migrations\\Migrator->Illuminate\\Database\\Migrations\\{closure}()
#9 D:\\code\\01-cashingames\\cashingames-api\\vendor\\laravel\\framework\\src\\Illuminate\\Database\\Migrations\\Migrator.php(200): Illuminate\\Database\\Migrations\\Migrator->runMigration()
#10 D:\\code\\01-cashingames\\cashingames-api\\vendor\\laravel\\framework\\src\\Illuminate\\Database\\Migrations\\Migrator.php(165): Illuminate\\Database\\Migrations\\Migrator->runUp()
#11 D:\\code\\01-cashingames\\cashingames-api\\vendor\\laravel\\framework\\src\\Illuminate\\Database\\Migrations\\Migrator.php(110): Illuminate\\Database\\Migrations\\Migrator->runPending()
#12 D:\\code\\01-cashingames\\cashingames-api\\vendor\\laravel\\framework\\src\\Illuminate\\Database\\Console\\Migrations\\MigrateCommand.php(71): Illuminate\\Database\\Migrations\\Migrator->run()
#13 [internal function]: Illuminate\\Database\\Console\\Migrations\\MigrateCommand->handle()
#14 D:\\code\\01-cashingames\\cashingames-api\\vendor\\laravel\\framework\\src\\Illuminate\\Container\\BoundMethod.php(32): call_user_func_array()
#15 D:\\code\\01-cashingames\\cashingames-api\\vendor\\laravel\\framework\\src\\Illuminate\\Container\\Util.php(36): Illuminate\\Container\\BoundMethod::Illuminate\\Container\\{closure}()
#16 D:\\code\\01-cashingames\\cashingames-api\\vendor\\laravel\\framework\\src\\Illuminate\\Container\\BoundMethod.php(90): Illuminate\\Container\\Util::unwrapIfClosure()
#17 D:\\code\\01-cashingames\\cashingames-api\\vendor\\laravel\\framework\\src\\Illuminate\\Container\\BoundMethod.php(34): Illuminate\\Container\\BoundMethod::callBoundMethod()
#18 D:\\code\\01-cashingames\\cashingames-api\\vendor\\laravel\\framework\\src\\Illuminate\\Container\\Container.php(590): Illuminate\\Container\\BoundMethod::call()
#19 D:\\code\\01-cashingames\\cashingames-api\\vendor\\laravel\\framework\\src\\Illuminate\\Console\\Command.php(134): Illuminate\\Container\\Container->call()
#20 D:\\code\\01-cashingames\\cashingames-api\\vendor\\symfony\\console\\Command\\Command.php(255): Illuminate\\Console\\Command->execute()
#21 D:\\code\\01-cashingames\\cashingames-api\\vendor\\laravel\\framework\\src\\Illuminate\\Console\\Command.php(121): Symfony\\Component\\Console\\Command\\Command->run()
#22 D:\\code\\01-cashingames\\cashingames-api\\vendor\\symfony\\console\\Application.php(1012): Illuminate\\Console\\Command->run()
#23 D:\\code\\01-cashingames\\cashingames-api\\vendor\\symfony\\console\\Application.php(272): Symfony\\Component\\Console\\Application->doRunCommand()
#24 D:\\code\\01-cashingames\\cashingames-api\\vendor\\symfony\\console\\Application.php(148): Symfony\\Component\\Console\\Application->doRun()
#25 D:\\code\\01-cashingames\\cashingames-api\\vendor\\laravel\\framework\\src\\Illuminate\\Console\\Application.php(93): Symfony\\Component\\Console\\Application->run()
#26 D:\\code\\01-cashingames\\cashingames-api\\vendor\\laravel\\framework\\src\\Illuminate\\Foundation\\Console\\Kernel.php(131): Illuminate\\Console\\Application->run()
#27 D:\\code\\01-cashingames\\cashingames-api\\artisan(37): Illuminate\\Foundation\\Console\\Kernel->handle()
#28 {main}

[previous exception] [object] (Doctrine\\DBAL\\Driver\\PDOException(code: 42000): SQLSTATE[42000]: Syntax error or access violation: 1071 Specified key was too long; max key length is 1000 bytes at D:\\code\\01-cashingames\\cashingames-api\\vendor\\doctrine\\dbal\\lib\\Doctrine\\DBAL\\Driver\\PDOStatement.php:123)
[stacktrace]
#0 D:\\code\\01-cashingames\\cashingames-api\\vendor\\laravel\\framework\\src\\Illuminate\\Database\\Connection.php(463): Doctrine\\DBAL\\Driver\\PDOStatement->execute()
#1 D:\\code\\01-cashingames\\cashingames-api\\vendor\\laravel\\framework\\src\\Illuminate\\Database\\Connection.php(662): Illuminate\\Database\\Connection->Illuminate\\Database\\{closure}()
#2 D:\\code\\01-cashingames\\cashingames-api\\vendor\\laravel\\framework\\src\\Illuminate\\Database\\Connection.php(629): Illuminate\\Database\\Connection->runQueryCallback()
#3 D:\\code\\01-cashingames\\cashingames-api\\vendor\\laravel\\framework\\src\\Illuminate\\Database\\Connection.php(464): Illuminate\\Database\\Connection->run()
#4 D:\\code\\01-cashingames\\cashingames-api\\vendor\\laravel\\framework\\src\\Illuminate\\Database\\Schema\\Blueprint.php(97): Illuminate\\Database\\Connection->statement()
#5 D:\\code\\01-cashingames\\cashingames-api\\vendor\\laravel\\framework\\src\\Illuminate\\Database\\Schema\\Builder.php(290): Illuminate\\Database\\Schema\\Blueprint->build()
#6 D:\\code\\01-cashingames\\cashingames-api\\vendor\\laravel\\framework\\src\\Illuminate\\Database\\Schema\\Builder.php(151): Illuminate\\Database\\Schema\\Builder->build()
#7 D:\\code\\01-cashingames\\cashingames-api\\vendor\\laravel\\framework\\src\\Illuminate\\Support\\Facades\\Facade.php(261): Illuminate\\Database\\Schema\\Builder->table()
#8 D:\\code\\01-cashingames\\cashingames-api\\database\\migrations\\2020_03_02_190547_add_password_token_and_expiry_to_user_table.php(20): Illuminate\\Support\\Facades\\Facade::__callStatic()
#9 D:\\code\\01-cashingames\\cashingames-api\\vendor\\laravel\\framework\\src\\Illuminate\\Database\\Migrations\\Migrator.php(392): AddPasswordTokenAndExpiryToUserTable->up()
#10 D:\\code\\01-cashingames\\cashingames-api\\vendor\\laravel\\framework\\src\\Illuminate\\Database\\Migrations\\Migrator.php(401): Illuminate\\Database\\Migrations\\Migrator->Illuminate\\Database\\Migrations\\{closure}()
#11 D:\\code\\01-cashingames\\cashingames-api\\vendor\\laravel\\framework\\src\\Illuminate\\Database\\Migrations\\Migrator.php(200): Illuminate\\Database\\Migrations\\Migrator->runMigration()
#12 D:\\code\\01-cashingames\\cashingames-api\\vendor\\laravel\\framework\\src\\Illuminate\\Database\\Migrations\\Migrator.php(165): Illuminate\\Database\\Migrations\\Migrator->runUp()
#13 D:\\code\\01-cashingames\\cashingames-api\\vendor\\laravel\\framework\\src\\Illuminate\\Database\\Migrations\\Migrator.php(110): Illuminate\\Database\\Migrations\\Migrator->runPending()
#14 D:\\code\\01-cashingames\\cashingames-api\\vendor\\laravel\\framework\\src\\Illuminate\\Database\\Console\\Migrations\\MigrateCommand.php(71): Illuminate\\Database\\Migrations\\Migrator->run()
#15 [internal function]: Illuminate\\Database\\Console\\Migrations\\MigrateCommand->handle()
#16 D:\\code\\01-cashingames\\cashingames-api\\vendor\\laravel\\framework\\src\\Illuminate\\Container\\BoundMethod.php(32): call_user_func_array()
#17 D:\\code\\01-cashingames\\cashingames-api\\vendor\\laravel\\framework\\src\\Illuminate\\Container\\Util.php(36): Illuminate\\Container\\BoundMethod::Illuminate\\Container\\{closure}()
#18 D:\\code\\01-cashingames\\cashingames-api\\vendor\\laravel\\framework\\src\\Illuminate\\Container\\BoundMethod.php(90): Illuminate\\Container\\Util::unwrapIfClosure()
#19 D:\\code\\01-cashingames\\cashingames-api\\vendor\\laravel\\framework\\src\\Illuminate\\Container\\BoundMethod.php(34): Illuminate\\Container\\BoundMethod::callBoundMethod()
#20 D:\\code\\01-cashingames\\cashingames-api\\vendor\\laravel\\framework\\src\\Illuminate\\Container\\Container.php(590): Illuminate\\Container\\BoundMethod::call()
#21 D:\\code\\01-cashingames\\cashingames-api\\vendor\\laravel\\framework\\src\\Illuminate\\Console\\Command.php(134): Illuminate\\Container\\Container->call()
#22 D:\\code\\01-cashingames\\cashingames-api\\vendor\\symfony\\console\\Command\\Command.php(255): Illuminate\\Console\\Command->execute()
#23 D:\\code\\01-cashingames\\cashingames-api\\vendor\\laravel\\framework\\src\\Illuminate\\Console\\Command.php(121): Symfony\\Component\\Console\\Command\\Command->run()
#24 D:\\code\\01-cashingames\\cashingames-api\\vendor\\symfony\\console\\Application.php(1012): Illuminate\\Console\\Command->run()
#25 D:\\code\\01-cashingames\\cashingames-api\\vendor\\symfony\\console\\Application.php(272): Symfony\\Component\\Console\\Application->doRunCommand()
#26 D:\\code\\01-cashingames\\cashingames-api\\vendor\\symfony\\console\\Application.php(148): Symfony\\Component\\Console\\Application->doRun()
#27 D:\\code\\01-cashingames\\cashingames-api\\vendor\\laravel\\framework\\src\\Illuminate\\Console\\Application.php(93): Symfony\\Component\\Console\\Application->run()
#28 D:\\code\\01-cashingames\\cashingames-api\\vendor\\laravel\\framework\\src\\Illuminate\\Foundation\\Console\\Kernel.php(131): Illuminate\\Console\\Application->run()
#29 D:\\code\\01-cashingames\\cashingames-api\\artisan(37): Illuminate\\Foundation\\Console\\Kernel->handle()
#30 {main}

[previous exception] [object] (PDOException(code: 42000): SQLSTATE[42000]: Syntax error or access violation: 1071 Specified key was too long; max key length is 1000 bytes at D:\\code\\01-cashingames\\cashingames-api\\vendor\\doctrine\\dbal\\lib\\Doctrine\\DBAL\\Driver\\PDOStatement.php:121)
[stacktrace]
#0 D:\\code\\01-cashingames\\cashingames-api\\vendor\\doctrine\\dbal\\lib\\Doctrine\\DBAL\\Driver\\PDOStatement.php(121): PDOStatement->execute()
#1 D:\\code\\01-cashingames\\cashingames-api\\vendor\\laravel\\framework\\src\\Illuminate\\Database\\Connection.php(463): Doctrine\\DBAL\\Driver\\PDOStatement->execute()
#2 D:\\code\\01-cashingames\\cashingames-api\\vendor\\laravel\\framework\\src\\Illuminate\\Database\\Connection.php(662): Illuminate\\Database\\Connection->Illuminate\\Database\\{closure}()
#3 D:\\code\\01-cashingames\\cashingames-api\\vendor\\laravel\\framework\\src\\Illuminate\\Database\\Connection.php(629): Illuminate\\Database\\Connection->runQueryCallback()
#4 D:\\code\\01-cashingames\\cashingames-api\\vendor\\laravel\\framework\\src\\Illuminate\\Database\\Connection.php(464): Illuminate\\Database\\Connection->run()
#5 D:\\code\\01-cashingames\\cashingames-api\\vendor\\laravel\\framework\\src\\Illuminate\\Database\\Schema\\Blueprint.php(97): Illuminate\\Database\\Connection->statement()
#6 D:\\code\\01-cashingames\\cashingames-api\\vendor\\laravel\\framework\\src\\Illuminate\\Database\\Schema\\Builder.php(290): Illuminate\\Database\\Schema\\Blueprint->build()
#7 D:\\code\\01-cashingames\\cashingames-api\\vendor\\laravel\\framework\\src\\Illuminate\\Database\\Schema\\Builder.php(151): Illuminate\\Database\\Schema\\Builder->build()
#8 D:\\code\\01-cashingames\\cashingames-api\\vendor\\laravel\\framework\\src\\Illuminate\\Support\\Facades\\Facade.php(261): Illuminate\\Database\\Schema\\Builder->table()
#9 D:\\code\\01-cashingames\\cashingames-api\\database\\migrations\\2020_03_02_190547_add_password_token_and_expiry_to_user_table.php(20): Illuminate\\Support\\Facades\\Facade::__callStatic()
#10 D:\\code\\01-cashingames\\cashingames-api\\vendor\\laravel\\framework\\src\\Illuminate\\Database\\Migrations\\Migrator.php(392): AddPasswordTokenAndExpiryToUserTable->up()
#11 D:\\code\\01-cashingames\\cashingames-api\\vendor\\laravel\\framework\\src\\Illuminate\\Database\\Migrations\\Migrator.php(401): Illuminate\\Database\\Migrations\\Migrator->Illuminate\\Database\\Migrations\\{closure}()
#12 D:\\code\\01-cashingames\\cashingames-api\\vendor\\laravel\\framework\\src\\Illuminate\\Database\\Migrations\\Migrator.php(200): Illuminate\\Database\\Migrations\\Migrator->runMigration()
#13 D:\\code\\01-cashingames\\cashingames-api\\vendor\\laravel\\framework\\src\\Illuminate\\Database\\Migrations\\Migrator.php(165): Illuminate\\Database\\Migrations\\Migrator->runUp()
#14 D:\\code\\01-cashingames\\cashingames-api\\vendor\\laravel\\framework\\src\\Illuminate\\Database\\Migrations\\Migrator.php(110): Illuminate\\Database\\Migrations\\Migrator->runPending()
#15 D:\\code\\01-cashingames\\cashingames-api\\vendor\\laravel\\framework\\src\\Illuminate\\Database\\Console\\Migrations\\MigrateCommand.php(71): Illuminate\\Database\\Migrations\\Migrator->run()
#16 [internal function]: Illuminate\\Database\\Console\\Migrations\\MigrateCommand->handle()
#17 D:\\code\\01-cashingames\\cashingames-api\\vendor\\laravel\\framework\\src\\Illuminate\\Container\\BoundMethod.php(32): call_user_func_array()
#18 D:\\code\\01-cashingames\\cashingames-api\\vendor\\laravel\\framework\\src\\Illuminate\\Container\\Util.php(36): Illuminate\\Container\\BoundMethod::Illuminate\\Container\\{closure}()
#19 D:\\code\\01-cashingames\\cashingames-api\\vendor\\laravel\\framework\\src\\Illuminate\\Container\\BoundMethod.php(90): Illuminate\\Container\\Util::unwrapIfClosure()
#20 D:\\code\\01-cashingames\\cashingames-api\\vendor\\laravel\\framework\\src\\Illuminate\\Container\\BoundMethod.php(34): Illuminate\\Container\\BoundMethod::callBoundMethod()
#21 D:\\code\\01-cashingames\\cashingames-api\\vendor\\laravel\\framework\\src\\Illuminate\\Container\\Container.php(590): Illuminate\\Container\\BoundMethod::call()
#22 D:\\code\\01-cashingames\\cashingames-api\\vendor\\laravel\\framework\\src\\Illuminate\\Console\\Command.php(134): Illuminate\\Container\\Container->call()
#23 D:\\code\\01-cashingames\\cashingames-api\\vendor\\symfony\\console\\Command\\Command.php(255): Illuminate\\Console\\Command->execute()
#24 D:\\code\\01-cashingames\\cashingames-api\\vendor\\laravel\\framework\\src\\Illuminate\\Console\\Command.php(121): Symfony\\Component\\Console\\Command\\Command->run()
#25 D:\\code\\01-cashingames\\cashingames-api\\vendor\\symfony\\console\\Application.php(1012): Illuminate\\Console\\Command->run()
#26 D:\\code\\01-cashingames\\cashingames-api\\vendor\\symfony\\console\\Application.php(272): Symfony\\Component\\Console\\Application->doRunCommand()
#27 D:\\code\\01-cashingames\\cashingames-api\\vendor\\symfony\\console\\Application.php(148): Symfony\\Component\\Console\\Application->doRun()
#28 D:\\code\\01-cashingames\\cashingames-api\\vendor\\laravel\\framework\\src\\Illuminate\\Console\\Application.php(93): Symfony\\Component\\Console\\Application->run()
#29 D:\\code\\01-cashingames\\cashingames-api\\vendor\\laravel\\framework\\src\\Illuminate\\Foundation\\Console\\Kernel.php(131): Illuminate\\Console\\Application->run()
#30 D:\\code\\01-cashingames\\cashingames-api\\artisan(37): Illuminate\\Foundation\\Console\\Kernel->handle()
#31 {main}
"} 
[2020-03-17 17:24:44] local.ERROR: SQLSTATE[42S21]: Column already exists: 1060 Duplicate column name 'password_token' (SQL: alter table `users` add `password_token` varchar(191) null, add `token_expiry` datetime null) {"exception":"[object] (Illuminate\\Database\\QueryException(code: 42S21): SQLSTATE[42S21]: Column already exists: 1060 Duplicate column name 'password_token' (SQL: alter table `users` add `password_token` varchar(191) null, add `token_expiry` datetime null) at D:\\code\\01-cashingames\\cashingames-api\\vendor\\laravel\\framework\\src\\Illuminate\\Database\\Connection.php:669)
[stacktrace]
#0 D:\\code\\01-cashingames\\cashingames-api\\vendor\\laravel\\framework\\src\\Illuminate\\Database\\Connection.php(629): Illuminate\\Database\\Connection->runQueryCallback()
#1 D:\\code\\01-cashingames\\cashingames-api\\vendor\\laravel\\framework\\src\\Illuminate\\Database\\Connection.php(464): Illuminate\\Database\\Connection->run()
#2 D:\\code\\01-cashingames\\cashingames-api\\vendor\\laravel\\framework\\src\\Illuminate\\Database\\Schema\\Blueprint.php(97): Illuminate\\Database\\Connection->statement()
#3 D:\\code\\01-cashingames\\cashingames-api\\vendor\\laravel\\framework\\src\\Illuminate\\Database\\Schema\\Builder.php(290): Illuminate\\Database\\Schema\\Blueprint->build()
#4 D:\\code\\01-cashingames\\cashingames-api\\vendor\\laravel\\framework\\src\\Illuminate\\Database\\Schema\\Builder.php(151): Illuminate\\Database\\Schema\\Builder->build()
#5 D:\\code\\01-cashingames\\cashingames-api\\vendor\\laravel\\framework\\src\\Illuminate\\Support\\Facades\\Facade.php(261): Illuminate\\Database\\Schema\\Builder->table()
#6 D:\\code\\01-cashingames\\cashingames-api\\database\\migrations\\2020_03_02_190547_add_password_token_and_expiry_to_user_table.php(20): Illuminate\\Support\\Facades\\Facade::__callStatic()
#7 D:\\code\\01-cashingames\\cashingames-api\\vendor\\laravel\\framework\\src\\Illuminate\\Database\\Migrations\\Migrator.php(392): AddPasswordTokenAndExpiryToUserTable->up()
#8 D:\\code\\01-cashingames\\cashingames-api\\vendor\\laravel\\framework\\src\\Illuminate\\Database\\Migrations\\Migrator.php(401): Illuminate\\Database\\Migrations\\Migrator->Illuminate\\Database\\Migrations\\{closure}()
#9 D:\\code\\01-cashingames\\cashingames-api\\vendor\\laravel\\framework\\src\\Illuminate\\Database\\Migrations\\Migrator.php(200): Illuminate\\Database\\Migrations\\Migrator->runMigration()
#10 D:\\code\\01-cashingames\\cashingames-api\\vendor\\laravel\\framework\\src\\Illuminate\\Database\\Migrations\\Migrator.php(165): Illuminate\\Database\\Migrations\\Migrator->runUp()
#11 D:\\code\\01-cashingames\\cashingames-api\\vendor\\laravel\\framework\\src\\Illuminate\\Database\\Migrations\\Migrator.php(110): Illuminate\\Database\\Migrations\\Migrator->runPending()
#12 D:\\code\\01-cashingames\\cashingames-api\\vendor\\laravel\\framework\\src\\Illuminate\\Database\\Console\\Migrations\\MigrateCommand.php(71): Illuminate\\Database\\Migrations\\Migrator->run()
#13 [internal function]: Illuminate\\Database\\Console\\Migrations\\MigrateCommand->handle()
#14 D:\\code\\01-cashingames\\cashingames-api\\vendor\\laravel\\framework\\src\\Illuminate\\Container\\BoundMethod.php(32): call_user_func_array()
#15 D:\\code\\01-cashingames\\cashingames-api\\vendor\\laravel\\framework\\src\\Illuminate\\Container\\Util.php(36): Illuminate\\Container\\BoundMethod::Illuminate\\Container\\{closure}()
#16 D:\\code\\01-cashingames\\cashingames-api\\vendor\\laravel\\framework\\src\\Illuminate\\Container\\BoundMethod.php(90): Illuminate\\Container\\Util::unwrapIfClosure()
#17 D:\\code\\01-cashingames\\cashingames-api\\vendor\\laravel\\framework\\src\\Illuminate\\Container\\BoundMethod.php(34): Illuminate\\Container\\BoundMethod::callBoundMethod()
#18 D:\\code\\01-cashingames\\cashingames-api\\vendor\\laravel\\framework\\src\\Illuminate\\Container\\Container.php(590): Illuminate\\Container\\BoundMethod::call()
#19 D:\\code\\01-cashingames\\cashingames-api\\vendor\\laravel\\framework\\src\\Illuminate\\Console\\Command.php(134): Illuminate\\Container\\Container->call()
#20 D:\\code\\01-cashingames\\cashingames-api\\vendor\\symfony\\console\\Command\\Command.php(255): Illuminate\\Console\\Command->execute()
#21 D:\\code\\01-cashingames\\cashingames-api\\vendor\\laravel\\framework\\src\\Illuminate\\Console\\Command.php(121): Symfony\\Component\\Console\\Command\\Command->run()
#22 D:\\code\\01-cashingames\\cashingames-api\\vendor\\symfony\\console\\Application.php(1012): Illuminate\\Console\\Command->run()
#23 D:\\code\\01-cashingames\\cashingames-api\\vendor\\symfony\\console\\Application.php(272): Symfony\\Component\\Console\\Application->doRunCommand()
#24 D:\\code\\01-cashingames\\cashingames-api\\vendor\\symfony\\console\\Application.php(148): Symfony\\Component\\Console\\Application->doRun()
#25 D:\\code\\01-cashingames\\cashingames-api\\vendor\\laravel\\framework\\src\\Illuminate\\Console\\Application.php(93): Symfony\\Component\\Console\\Application->run()
#26 D:\\code\\01-cashingames\\cashingames-api\\vendor\\laravel\\framework\\src\\Illuminate\\Foundation\\Console\\Kernel.php(131): Illuminate\\Console\\Application->run()
#27 D:\\code\\01-cashingames\\cashingames-api\\artisan(37): Illuminate\\Foundation\\Console\\Kernel->handle()
#28 {main}

[previous exception] [object] (Doctrine\\DBAL\\Driver\\PDOException(code: 42S21): SQLSTATE[42S21]: Column already exists: 1060 Duplicate column name 'password_token' at D:\\code\\01-cashingames\\cashingames-api\\vendor\\doctrine\\dbal\\lib\\Doctrine\\DBAL\\Driver\\PDOStatement.php:123)
[stacktrace]
#0 D:\\code\\01-cashingames\\cashingames-api\\vendor\\laravel\\framework\\src\\Illuminate\\Database\\Connection.php(463): Doctrine\\DBAL\\Driver\\PDOStatement->execute()
#1 D:\\code\\01-cashingames\\cashingames-api\\vendor\\laravel\\framework\\src\\Illuminate\\Database\\Connection.php(662): Illuminate\\Database\\Connection->Illuminate\\Database\\{closure}()
#2 D:\\code\\01-cashingames\\cashingames-api\\vendor\\laravel\\framework\\src\\Illuminate\\Database\\Connection.php(629): Illuminate\\Database\\Connection->runQueryCallback()
#3 D:\\code\\01-cashingames\\cashingames-api\\vendor\\laravel\\framework\\src\\Illuminate\\Database\\Connection.php(464): Illuminate\\Database\\Connection->run()
#4 D:\\code\\01-cashingames\\cashingames-api\\vendor\\laravel\\framework\\src\\Illuminate\\Database\\Schema\\Blueprint.php(97): Illuminate\\Database\\Connection->statement()
#5 D:\\code\\01-cashingames\\cashingames-api\\vendor\\laravel\\framework\\src\\Illuminate\\Database\\Schema\\Builder.php(290): Illuminate\\Database\\Schema\\Blueprint->build()
#6 D:\\code\\01-cashingames\\cashingames-api\\vendor\\laravel\\framework\\src\\Illuminate\\Database\\Schema\\Builder.php(151): Illuminate\\Database\\Schema\\Builder->build()
#7 D:\\code\\01-cashingames\\cashingames-api\\vendor\\laravel\\framework\\src\\Illuminate\\Support\\Facades\\Facade.php(261): Illuminate\\Database\\Schema\\Builder->table()
#8 D:\\code\\01-cashingames\\cashingames-api\\database\\migrations\\2020_03_02_190547_add_password_token_and_expiry_to_user_table.php(20): Illuminate\\Support\\Facades\\Facade::__callStatic()
#9 D:\\code\\01-cashingames\\cashingames-api\\vendor\\laravel\\framework\\src\\Illuminate\\Database\\Migrations\\Migrator.php(392): AddPasswordTokenAndExpiryToUserTable->up()
#10 D:\\code\\01-cashingames\\cashingames-api\\vendor\\laravel\\framework\\src\\Illuminate\\Database\\Migrations\\Migrator.php(401): Illuminate\\Database\\Migrations\\Migrator->Illuminate\\Database\\Migrations\\{closure}()
#11 D:\\code\\01-cashingames\\cashingames-api\\vendor\\laravel\\framework\\src\\Illuminate\\Database\\Migrations\\Migrator.php(200): Illuminate\\Database\\Migrations\\Migrator->runMigration()
#12 D:\\code\\01-cashingames\\cashingames-api\\vendor\\laravel\\framework\\src\\Illuminate\\Database\\Migrations\\Migrator.php(165): Illuminate\\Database\\Migrations\\Migrator->runUp()
#13 D:\\code\\01-cashingames\\cashingames-api\\vendor\\laravel\\framework\\src\\Illuminate\\Database\\Migrations\\Migrator.php(110): Illuminate\\Database\\Migrations\\Migrator->runPending()
#14 D:\\code\\01-cashingames\\cashingames-api\\vendor\\laravel\\framework\\src\\Illuminate\\Database\\Console\\Migrations\\MigrateCommand.php(71): Illuminate\\Database\\Migrations\\Migrator->run()
#15 [internal function]: Illuminate\\Database\\Console\\Migrations\\MigrateCommand->handle()
#16 D:\\code\\01-cashingames\\cashingames-api\\vendor\\laravel\\framework\\src\\Illuminate\\Container\\BoundMethod.php(32): call_user_func_array()
#17 D:\\code\\01-cashingames\\cashingames-api\\vendor\\laravel\\framework\\src\\Illuminate\\Container\\Util.php(36): Illuminate\\Container\\BoundMethod::Illuminate\\Container\\{closure}()
#18 D:\\code\\01-cashingames\\cashingames-api\\vendor\\laravel\\framework\\src\\Illuminate\\Container\\BoundMethod.php(90): Illuminate\\Container\\Util::unwrapIfClosure()
#19 D:\\code\\01-cashingames\\cashingames-api\\vendor\\laravel\\framework\\src\\Illuminate\\Container\\BoundMethod.php(34): Illuminate\\Container\\BoundMethod::callBoundMethod()
#20 D:\\code\\01-cashingames\\cashingames-api\\vendor\\laravel\\framework\\src\\Illuminate\\Container\\Container.php(590): Illuminate\\Container\\BoundMethod::call()
#21 D:\\code\\01-cashingames\\cashingames-api\\vendor\\laravel\\framework\\src\\Illuminate\\Console\\Command.php(134): Illuminate\\Container\\Container->call()
#22 D:\\code\\01-cashingames\\cashingames-api\\vendor\\symfony\\console\\Command\\Command.php(255): Illuminate\\Console\\Command->execute()
#23 D:\\code\\01-cashingames\\cashingames-api\\vendor\\laravel\\framework\\src\\Illuminate\\Console\\Command.php(121): Symfony\\Component\\Console\\Command\\Command->run()
#24 D:\\code\\01-cashingames\\cashingames-api\\vendor\\symfony\\console\\Application.php(1012): Illuminate\\Console\\Command->run()
#25 D:\\code\\01-cashingames\\cashingames-api\\vendor\\symfony\\console\\Application.php(272): Symfony\\Component\\Console\\Application->doRunCommand()
#26 D:\\code\\01-cashingames\\cashingames-api\\vendor\\symfony\\console\\Application.php(148): Symfony\\Component\\Console\\Application->doRun()
#27 D:\\code\\01-cashingames\\cashingames-api\\vendor\\laravel\\framework\\src\\Illuminate\\Console\\Application.php(93): Symfony\\Component\\Console\\Application->run()
#28 D:\\code\\01-cashingames\\cashingames-api\\vendor\\laravel\\framework\\src\\Illuminate\\Foundation\\Console\\Kernel.php(131): Illuminate\\Console\\Application->run()
#29 D:\\code\\01-cashingames\\cashingames-api\\artisan(37): Illuminate\\Foundation\\Console\\Kernel->handle()
#30 {main}

[previous exception] [object] (PDOException(code: 42S21): SQLSTATE[42S21]: Column already exists: 1060 Duplicate column name 'password_token' at D:\\code\\01-cashingames\\cashingames-api\\vendor\\doctrine\\dbal\\lib\\Doctrine\\DBAL\\Driver\\PDOStatement.php:121)
[stacktrace]
#0 D:\\code\\01-cashingames\\cashingames-api\\vendor\\doctrine\\dbal\\lib\\Doctrine\\DBAL\\Driver\\PDOStatement.php(121): PDOStatement->execute()
#1 D:\\code\\01-cashingames\\cashingames-api\\vendor\\laravel\\framework\\src\\Illuminate\\Database\\Connection.php(463): Doctrine\\DBAL\\Driver\\PDOStatement->execute()
#2 D:\\code\\01-cashingames\\cashingames-api\\vendor\\laravel\\framework\\src\\Illuminate\\Database\\Connection.php(662): Illuminate\\Database\\Connection->Illuminate\\Database\\{closure}()
#3 D:\\code\\01-cashingames\\cashingames-api\\vendor\\laravel\\framework\\src\\Illuminate\\Database\\Connection.php(629): Illuminate\\Database\\Connection->runQueryCallback()
#4 D:\\code\\01-cashingames\\cashingames-api\\vendor\\laravel\\framework\\src\\Illuminate\\Database\\Connection.php(464): Illuminate\\Database\\Connection->run()
#5 D:\\code\\01-cashingames\\cashingames-api\\vendor\\laravel\\framework\\src\\Illuminate\\Database\\Schema\\Blueprint.php(97): Illuminate\\Database\\Connection->statement()
#6 D:\\code\\01-cashingames\\cashingames-api\\vendor\\laravel\\framework\\src\\Illuminate\\Database\\Schema\\Builder.php(290): Illuminate\\Database\\Schema\\Blueprint->build()
#7 D:\\code\\01-cashingames\\cashingames-api\\vendor\\laravel\\framework\\src\\Illuminate\\Database\\Schema\\Builder.php(151): Illuminate\\Database\\Schema\\Builder->build()
#8 D:\\code\\01-cashingames\\cashingames-api\\vendor\\laravel\\framework\\src\\Illuminate\\Support\\Facades\\Facade.php(261): Illuminate\\Database\\Schema\\Builder->table()
#9 D:\\code\\01-cashingames\\cashingames-api\\database\\migrations\\2020_03_02_190547_add_password_token_and_expiry_to_user_table.php(20): Illuminate\\Support\\Facades\\Facade::__callStatic()
#10 D:\\code\\01-cashingames\\cashingames-api\\vendor\\laravel\\framework\\src\\Illuminate\\Database\\Migrations\\Migrator.php(392): AddPasswordTokenAndExpiryToUserTable->up()
#11 D:\\code\\01-cashingames\\cashingames-api\\vendor\\laravel\\framework\\src\\Illuminate\\Database\\Migrations\\Migrator.php(401): Illuminate\\Database\\Migrations\\Migrator->Illuminate\\Database\\Migrations\\{closure}()
#12 D:\\code\\01-cashingames\\cashingames-api\\vendor\\laravel\\framework\\src\\Illuminate\\Database\\Migrations\\Migrator.php(200): Illuminate\\Database\\Migrations\\Migrator->runMigration()
#13 D:\\code\\01-cashingames\\cashingames-api\\vendor\\laravel\\framework\\src\\Illuminate\\Database\\Migrations\\Migrator.php(165): Illuminate\\Database\\Migrations\\Migrator->runUp()
#14 D:\\code\\01-cashingames\\cashingames-api\\vendor\\laravel\\framework\\src\\Illuminate\\Database\\Migrations\\Migrator.php(110): Illuminate\\Database\\Migrations\\Migrator->runPending()
#15 D:\\code\\01-cashingames\\cashingames-api\\vendor\\laravel\\framework\\src\\Illuminate\\Database\\Console\\Migrations\\MigrateCommand.php(71): Illuminate\\Database\\Migrations\\Migrator->run()
#16 [internal function]: Illuminate\\Database\\Console\\Migrations\\MigrateCommand->handle()
#17 D:\\code\\01-cashingames\\cashingames-api\\vendor\\laravel\\framework\\src\\Illuminate\\Container\\BoundMethod.php(32): call_user_func_array()
#18 D:\\code\\01-cashingames\\cashingames-api\\vendor\\laravel\\framework\\src\\Illuminate\\Container\\Util.php(36): Illuminate\\Container\\BoundMethod::Illuminate\\Container\\{closure}()
#19 D:\\code\\01-cashingames\\cashingames-api\\vendor\\laravel\\framework\\src\\Illuminate\\Container\\BoundMethod.php(90): Illuminate\\Container\\Util::unwrapIfClosure()
#20 D:\\code\\01-cashingames\\cashingames-api\\vendor\\laravel\\framework\\src\\Illuminate\\Container\\BoundMethod.php(34): Illuminate\\Container\\BoundMethod::callBoundMethod()
#21 D:\\code\\01-cashingames\\cashingames-api\\vendor\\laravel\\framework\\src\\Illuminate\\Container\\Container.php(590): Illuminate\\Container\\BoundMethod::call()
#22 D:\\code\\01-cashingames\\cashingames-api\\vendor\\laravel\\framework\\src\\Illuminate\\Console\\Command.php(134): Illuminate\\Container\\Container->call()
#23 D:\\code\\01-cashingames\\cashingames-api\\vendor\\symfony\\console\\Command\\Command.php(255): Illuminate\\Console\\Command->execute()
#24 D:\\code\\01-cashingames\\cashingames-api\\vendor\\laravel\\framework\\src\\Illuminate\\Console\\Command.php(121): Symfony\\Component\\Console\\Command\\Command->run()
#25 D:\\code\\01-cashingames\\cashingames-api\\vendor\\symfony\\console\\Application.php(1012): Illuminate\\Console\\Command->run()
#26 D:\\code\\01-cashingames\\cashingames-api\\vendor\\symfony\\console\\Application.php(272): Symfony\\Component\\Console\\Application->doRunCommand()
#27 D:\\code\\01-cashingames\\cashingames-api\\vendor\\symfony\\console\\Application.php(148): Symfony\\Component\\Console\\Application->doRun()
#28 D:\\code\\01-cashingames\\cashingames-api\\vendor\\laravel\\framework\\src\\Illuminate\\Console\\Application.php(93): Symfony\\Component\\Console\\Application->run()
#29 D:\\code\\01-cashingames\\cashingames-api\\vendor\\laravel\\framework\\src\\Illuminate\\Foundation\\Console\\Kernel.php(131): Illuminate\\Console\\Application->run()
#30 D:\\code\\01-cashingames\\cashingames-api\\artisan(37): Illuminate\\Foundation\\Console\\Kernel->handle()
#31 {main}
"} 
