[2020-03-24 06:04:33] local.ERROR: Aborted. {"exception":"[object] (Symfony\\Component\\Console\\Exception\\RuntimeException(code: 0): Aborted. at D:\\code\\01-cashingames\\cashingames-api\\vendor\\symfony\\console\\Helper\\QuestionHelper.php:137)
[stacktrace]
#0 D:\\code\\01-cashingames\\cashingames-api\\vendor\\symfony\\console\\Helper\\QuestionHelper.php(81): Symfony\\Component\\Console\\Helper\\QuestionHelper->doAsk()
#1 D:\\code\\01-cashingames\\cashingames-api\\vendor\\symfony\\console\\Style\\SymfonyStyle.php(360): Symfony\\Component\\Console\\Helper\\QuestionHelper->ask()
#2 D:\\code\\01-cashingames\\cashingames-api\\vendor\\symfony\\console\\Style\\SymfonyStyle.php(288): Symfony\\Component\\Console\\Style\\SymfonyStyle->askQuestion()
#3 D:\\code\\01-cashingames\\cashingames-api\\vendor\\symfony\\console\\Application.php(257): Symfony\\Component\\Console\\Style\\SymfonyStyle->confirm()
#4 D:\\code\\01-cashingames\\cashingames-api\\vendor\\symfony\\console\\Application.php(148): Symfony\\Component\\Console\\Application->doRun()
#5 D:\\code\\01-cashingames\\cashingames-api\\vendor\\laravel\\framework\\src\\Illuminate\\Console\\Application.php(93): Symfony\\Component\\Console\\Application->run()
#6 D:\\code\\01-cashingames\\cashingames-api\\vendor\\laravel\\framework\\src\\Illuminate\\Foundation\\Console\\Kernel.php(131): Illuminate\\Console\\Application->run()
#7 D:\\code\\01-cashingames\\cashingames-api\\artisan(37): Illuminate\\Foundation\\Console\\Kernel->handle()
#8 {main}
"} 
[2020-03-24 06:27:38] local.ERROR: Undefined index: exposed_headers {"exception":"[object] (ErrorException(code: 0): Undefined index: exposed_headers at D:\\code\\01-cashingames\\cashingames-api\\vendor\\fruitcake\\laravel-cors\\src\\CorsServiceProvider.php:24)
[stacktrace]
#0 D:\\code\\01-cashingames\\cashingames-api\\vendor\\fruitcake\\laravel-cors\\src\\CorsServiceProvider.php(24): Illuminate\\Foundation\\Bootstrap\\HandleExceptions->handleError()
#1 D:\\code\\01-cashingames\\cashingames-api\\vendor\\laravel\\framework\\src\\Illuminate\\Container\\Container.php(803): Fruitcake\\Cors\\CorsServiceProvider->Fruitcake\\Cors\\{closure}()
#2 D:\\code\\01-cashingames\\cashingames-api\\vendor\\laravel\\framework\\src\\Illuminate\\Container\\Container.php(685): Illuminate\\Container\\Container->build()
#3 D:\\code\\01-cashingames\\cashingames-api\\vendor\\laravel\\framework\\src\\Illuminate\\Foundation\\Application.php(794): Illuminate\\Container\\Container->resolve()
#4 D:\\code\\01-cashingames\\cashingames-api\\vendor\\laravel\\framework\\src\\Illuminate\\Container\\Container.php(633): Illuminate\\Foundation\\Application->resolve()
#5 D:\\code\\01-cashingames\\cashingames-api\\vendor\\laravel\\framework\\src\\Illuminate\\Foundation\\Application.php(779): Illuminate\\Container\\Container->make()
#6 D:\\code\\01-cashingames\\cashingames-api\\vendor\\laravel\\framework\\src\\Illuminate\\Container\\Container.php(949): Illuminate\\Foundation\\Application->make()
#7 D:\\code\\01-cashingames\\cashingames-api\\vendor\\laravel\\framework\\src\\Illuminate\\Container\\Container.php(877): Illuminate\\Container\\Container->resolveClass()
#8 D:\\code\\01-cashingames\\cashingames-api\\vendor\\laravel\\framework\\src\\Illuminate\\Container\\Container.php(838): Illuminate\\Container\\Container->resolveDependencies()
#9 D:\\code\\01-cashingames\\cashingames-api\\vendor\\laravel\\framework\\src\\Illuminate\\Container\\Container.php(685): Illuminate\\Container\\Container->build()
#10 D:\\code\\01-cashingames\\cashingames-api\\vendor\\laravel\\framework\\src\\Illuminate\\Foundation\\Application.php(794): Illuminate\\Container\\Container->resolve()
#11 D:\\code\\01-cashingames\\cashingames-api\\vendor\\laravel\\framework\\src\\Illuminate\\Container\\Container.php(633): Illuminate\\Foundation\\Application->resolve()
#12 D:\\code\\01-cashingames\\cashingames-api\\vendor\\laravel\\framework\\src\\Illuminate\\Foundation\\Application.php(779): Illuminate\\Container\\Container->make()
#13 D:\\code\\01-cashingames\\cashingames-api\\vendor\\laravel\\framework\\src\\Illuminate\\Pipeline\\Pipeline.php(156): Illuminate\\Foundation\\Application->make()
#14 D:\\code\\01-cashingames\\cashingames-api\\vendor\\laravel\\framework\\src\\Illuminate\\Foundation\\Http\\Middleware\\TransformsRequest.php(21): Illuminate\\Pipeline\\Pipeline->Illuminate\\Pipeline\\{closure}()
#15 D:\\code\\01-cashingames\\cashingames-api\\vendor\\laravel\\framework\\src\\Illuminate\\Pipeline\\Pipeline.php(167): Illuminate\\Foundation\\Http\\Middleware\\TransformsRequest->handle()
#16 D:\\code\\01-cashingames\\cashingames-api\\vendor\\laravel\\framework\\src\\Illuminate\\Foundation\\Http\\Middleware\\TransformsRequest.php(21): Illuminate\\Pipeline\\Pipeline->Illuminate\\Pipeline\\{closure}()
#17 D:\\code\\01-cashingames\\cashingames-api\\vendor\\laravel\\framework\\src\\Illuminate\\Pipeline\\Pipeline.php(167): Illuminate\\Foundation\\Http\\Middleware\\TransformsRequest->handle()
#18 D:\\code\\01-cashingames\\cashingames-api\\vendor\\laravel\\framework\\src\\Illuminate\\Foundation\\Http\\Middleware\\ValidatePostSize.php(27): Illuminate\\Pipeline\\Pipeline->Illuminate\\Pipeline\\{closure}()
#19 D:\\code\\01-cashingames\\cashingames-api\\vendor\\laravel\\framework\\src\\Illuminate\\Pipeline\\Pipeline.php(167): Illuminate\\Foundation\\Http\\Middleware\\ValidatePostSize->handle()
#20 D:\\code\\01-cashingames\\cashingames-api\\vendor\\laravel\\framework\\src\\Illuminate\\Foundation\\Http\\Middleware\\CheckForMaintenanceMode.php(63): Illuminate\\Pipeline\\Pipeline->Illuminate\\Pipeline\\{closure}()
#21 D:\\code\\01-cashingames\\cashingames-api\\vendor\\laravel\\framework\\src\\Illuminate\\Pipeline\\Pipeline.php(167): Illuminate\\Foundation\\Http\\Middleware\\CheckForMaintenanceMode->handle()
#22 D:\\code\\01-cashingames\\cashingames-api\\vendor\\fideloper\\proxy\\src\\TrustProxies.php(57): Illuminate\\Pipeline\\Pipeline->Illuminate\\Pipeline\\{closure}()
#23 D:\\code\\01-cashingames\\cashingames-api\\vendor\\laravel\\framework\\src\\Illuminate\\Pipeline\\Pipeline.php(167): Fideloper\\Proxy\\TrustProxies->handle()
#24 D:\\code\\01-cashingames\\cashingames-api\\vendor\\laravel\\framework\\src\\Illuminate\\Pipeline\\Pipeline.php(103): Illuminate\\Pipeline\\Pipeline->Illuminate\\Pipeline\\{closure}()
#25 D:\\code\\01-cashingames\\cashingames-api\\vendor\\laravel\\framework\\src\\Illuminate\\Foundation\\Http\\Kernel.php(140): Illuminate\\Pipeline\\Pipeline->then()
#26 D:\\code\\01-cashingames\\cashingames-api\\vendor\\laravel\\framework\\src\\Illuminate\\Foundation\\Http\\Kernel.php(109): Illuminate\\Foundation\\Http\\Kernel->sendRequestThroughRouter()
#27 D:\\code\\01-cashingames\\cashingames-api\\vendor\\laravel\\framework\\src\\Illuminate\\Foundation\\Testing\\Concerns\\MakesHttpRequests.php(468): Illuminate\\Foundation\\Http\\Kernel->handle()
#28 D:\\code\\01-cashingames\\cashingames-api\\vendor\\laravel\\framework\\src\\Illuminate\\Foundation\\Testing\\Concerns\\MakesHttpRequests.php(258): Illuminate\\Foundation\\Testing\\TestCase->call()
#29 D:\\code\\01-cashingames\\cashingames-api\\tests\\Feature\\ExampleTest.php(17): Illuminate\\Foundation\\Testing\\TestCase->get()
#30 D:\\code\\01-cashingames\\cashingames-api\\vendor\\phpunit\\phpunit\\src\\Framework\\TestCase.php(1408): Tests\\Feature\\ExampleTest->testBasicTest()
#31 D:\\code\\01-cashingames\\cashingames-api\\vendor\\phpunit\\phpunit\\src\\Framework\\TestCase.php(1028): PHPUnit\\Framework\\TestCase->runTest()
#32 D:\\code\\01-cashingames\\cashingames-api\\vendor\\phpunit\\phpunit\\src\\Framework\\TestResult.php(691): PHPUnit\\Framework\\TestCase->runBare()
#33 D:\\code\\01-cashingames\\cashingames-api\\vendor\\phpunit\\phpunit\\src\\Framework\\TestCase.php(756): PHPUnit\\Framework\\TestResult->run()
#34 D:\\code\\01-cashingames\\cashingames-api\\vendor\\phpunit\\phpunit\\src\\Framework\\TestSuite.php(597): PHPUnit\\Framework\\TestCase->run()
#35 D:\\code\\01-cashingames\\cashingames-api\\vendor\\phpunit\\phpunit\\src\\Framework\\TestSuite.php(597): PHPUnit\\Framework\\TestSuite->run()
#36 D:\\code\\01-cashingames\\cashingames-api\\vendor\\phpunit\\phpunit\\src\\Framework\\TestSuite.php(597): PHPUnit\\Framework\\TestSuite->run()
#37 D:\\code\\01-cashingames\\cashingames-api\\vendor\\phpunit\\phpunit\\src\\TextUI\\TestRunner.php(621): PHPUnit\\Framework\\TestSuite->run()
#38 D:\\code\\01-cashingames\\cashingames-api\\vendor\\phpunit\\phpunit\\src\\TextUI\\Command.php(200): PHPUnit\\TextUI\\TestRunner->doRun()
#39 D:\\code\\01-cashingames\\cashingames-api\\vendor\\phpunit\\phpunit\\src\\TextUI\\Command.php(159): PHPUnit\\TextUI\\Command->run()
#40 D:\\code\\01-cashingames\\cashingames-api\\vendor\\phpunit\\phpunit\\phpunit(61): PHPUnit\\TextUI\\Command::main()
#41 {main}
"} 
[2020-03-24 06:35:13] local.ERROR: Undefined index: exposed_headers {"exception":"[object] (ErrorException(code: 0): Undefined index: exposed_headers at D:\\code\\01-cashingames\\cashingames-api\\vendor\\fruitcake\\laravel-cors\\src\\CorsServiceProvider.php:24)
[stacktrace]
#0 D:\\code\\01-cashingames\\cashingames-api\\vendor\\fruitcake\\laravel-cors\\src\\CorsServiceProvider.php(24): Illuminate\\Foundation\\Bootstrap\\HandleExceptions->handleError()
#1 D:\\code\\01-cashingames\\cashingames-api\\vendor\\laravel\\framework\\src\\Illuminate\\Container\\Container.php(803): Fruitcake\\Cors\\CorsServiceProvider->Fruitcake\\Cors\\{closure}()
#2 D:\\code\\01-cashingames\\cashingames-api\\vendor\\laravel\\framework\\src\\Illuminate\\Container\\Container.php(685): Illuminate\\Container\\Container->build()
#3 D:\\code\\01-cashingames\\cashingames-api\\vendor\\laravel\\framework\\src\\Illuminate\\Foundation\\Application.php(794): Illuminate\\Container\\Container->resolve()
#4 D:\\code\\01-cashingames\\cashingames-api\\vendor\\laravel\\framework\\src\\Illuminate\\Container\\Container.php(633): Illuminate\\Foundation\\Application->resolve()
#5 D:\\code\\01-cashingames\\cashingames-api\\vendor\\laravel\\framework\\src\\Illuminate\\Foundation\\Application.php(779): Illuminate\\Container\\Container->make()
#6 D:\\code\\01-cashingames\\cashingames-api\\vendor\\laravel\\framework\\src\\Illuminate\\Container\\Container.php(949): Illuminate\\Foundation\\Application->make()
#7 D:\\code\\01-cashingames\\cashingames-api\\vendor\\laravel\\framework\\src\\Illuminate\\Container\\Container.php(877): Illuminate\\Container\\Container->resolveClass()
#8 D:\\code\\01-cashingames\\cashingames-api\\vendor\\laravel\\framework\\src\\Illuminate\\Container\\Container.php(838): Illuminate\\Container\\Container->resolveDependencies()
#9 D:\\code\\01-cashingames\\cashingames-api\\vendor\\laravel\\framework\\src\\Illuminate\\Container\\Container.php(685): Illuminate\\Container\\Container->build()
#10 D:\\code\\01-cashingames\\cashingames-api\\vendor\\laravel\\framework\\src\\Illuminate\\Foundation\\Application.php(794): Illuminate\\Container\\Container->resolve()
#11 D:\\code\\01-cashingames\\cashingames-api\\vendor\\laravel\\framework\\src\\Illuminate\\Container\\Container.php(633): Illuminate\\Foundation\\Application->resolve()
#12 D:\\code\\01-cashingames\\cashingames-api\\vendor\\laravel\\framework\\src\\Illuminate\\Foundation\\Application.php(779): Illuminate\\Container\\Container->make()
#13 D:\\code\\01-cashingames\\cashingames-api\\vendor\\laravel\\framework\\src\\Illuminate\\Pipeline\\Pipeline.php(156): Illuminate\\Foundation\\Application->make()
#14 D:\\code\\01-cashingames\\cashingames-api\\vendor\\laravel\\framework\\src\\Illuminate\\Foundation\\Http\\Middleware\\TransformsRequest.php(21): Illuminate\\Pipeline\\Pipeline->Illuminate\\Pipeline\\{closure}()
#15 D:\\code\\01-cashingames\\cashingames-api\\vendor\\laravel\\framework\\src\\Illuminate\\Pipeline\\Pipeline.php(167): Illuminate\\Foundation\\Http\\Middleware\\TransformsRequest->handle()
#16 D:\\code\\01-cashingames\\cashingames-api\\vendor\\laravel\\framework\\src\\Illuminate\\Foundation\\Http\\Middleware\\TransformsRequest.php(21): Illuminate\\Pipeline\\Pipeline->Illuminate\\Pipeline\\{closure}()
#17 D:\\code\\01-cashingames\\cashingames-api\\vendor\\laravel\\framework\\src\\Illuminate\\Pipeline\\Pipeline.php(167): Illuminate\\Foundation\\Http\\Middleware\\TransformsRequest->handle()
#18 D:\\code\\01-cashingames\\cashingames-api\\vendor\\laravel\\framework\\src\\Illuminate\\Foundation\\Http\\Middleware\\ValidatePostSize.php(27): Illuminate\\Pipeline\\Pipeline->Illuminate\\Pipeline\\{closure}()
#19 D:\\code\\01-cashingames\\cashingames-api\\vendor\\laravel\\framework\\src\\Illuminate\\Pipeline\\Pipeline.php(167): Illuminate\\Foundation\\Http\\Middleware\\ValidatePostSize->handle()
#20 D:\\code\\01-cashingames\\cashingames-api\\vendor\\laravel\\framework\\src\\Illuminate\\Foundation\\Http\\Middleware\\CheckForMaintenanceMode.php(63): Illuminate\\Pipeline\\Pipeline->Illuminate\\Pipeline\\{closure}()
#21 D:\\code\\01-cashingames\\cashingames-api\\vendor\\laravel\\framework\\src\\Illuminate\\Pipeline\\Pipeline.php(167): Illuminate\\Foundation\\Http\\Middleware\\CheckForMaintenanceMode->handle()
#22 D:\\code\\01-cashingames\\cashingames-api\\vendor\\fideloper\\proxy\\src\\TrustProxies.php(57): Illuminate\\Pipeline\\Pipeline->Illuminate\\Pipeline\\{closure}()
#23 D:\\code\\01-cashingames\\cashingames-api\\vendor\\laravel\\framework\\src\\Illuminate\\Pipeline\\Pipeline.php(167): Fideloper\\Proxy\\TrustProxies->handle()
#24 D:\\code\\01-cashingames\\cashingames-api\\vendor\\laravel\\framework\\src\\Illuminate\\Pipeline\\Pipeline.php(103): Illuminate\\Pipeline\\Pipeline->Illuminate\\Pipeline\\{closure}()
#25 D:\\code\\01-cashingames\\cashingames-api\\vendor\\laravel\\framework\\src\\Illuminate\\Foundation\\Http\\Kernel.php(140): Illuminate\\Pipeline\\Pipeline->then()
#26 D:\\code\\01-cashingames\\cashingames-api\\vendor\\laravel\\framework\\src\\Illuminate\\Foundation\\Http\\Kernel.php(109): Illuminate\\Foundation\\Http\\Kernel->sendRequestThroughRouter()
#27 D:\\code\\01-cashingames\\cashingames-api\\vendor\\laravel\\framework\\src\\Illuminate\\Foundation\\Testing\\Concerns\\MakesHttpRequests.php(468): Illuminate\\Foundation\\Http\\Kernel->handle()
#28 D:\\code\\01-cashingames\\cashingames-api\\vendor\\laravel\\framework\\src\\Illuminate\\Foundation\\Testing\\Concerns\\MakesHttpRequests.php(258): Illuminate\\Foundation\\Testing\\TestCase->call()
#29 D:\\code\\01-cashingames\\cashingames-api\\tests\\Feature\\ExampleTest.php(17): Illuminate\\Foundation\\Testing\\TestCase->get()
#30 D:\\code\\01-cashingames\\cashingames-api\\vendor\\phpunit\\phpunit\\src\\Framework\\TestCase.php(1408): Tests\\Feature\\ExampleTest->testBasicTest()
#31 D:\\code\\01-cashingames\\cashingames-api\\vendor\\phpunit\\phpunit\\src\\Framework\\TestCase.php(1028): PHPUnit\\Framework\\TestCase->runTest()
#32 D:\\code\\01-cashingames\\cashingames-api\\vendor\\phpunit\\phpunit\\src\\Framework\\TestResult.php(691): PHPUnit\\Framework\\TestCase->runBare()
#33 D:\\code\\01-cashingames\\cashingames-api\\vendor\\phpunit\\phpunit\\src\\Framework\\TestCase.php(756): PHPUnit\\Framework\\TestResult->run()
#34 D:\\code\\01-cashingames\\cashingames-api\\vendor\\phpunit\\phpunit\\src\\Framework\\TestSuite.php(597): PHPUnit\\Framework\\TestCase->run()
#35 D:\\code\\01-cashingames\\cashingames-api\\vendor\\phpunit\\phpunit\\src\\Framework\\TestSuite.php(597): PHPUnit\\Framework\\TestSuite->run()
#36 D:\\code\\01-cashingames\\cashingames-api\\vendor\\phpunit\\phpunit\\src\\Framework\\TestSuite.php(597): PHPUnit\\Framework\\TestSuite->run()
#37 D:\\code\\01-cashingames\\cashingames-api\\vendor\\phpunit\\phpunit\\src\\TextUI\\TestRunner.php(621): PHPUnit\\Framework\\TestSuite->run()
#38 D:\\code\\01-cashingames\\cashingames-api\\vendor\\phpunit\\phpunit\\src\\TextUI\\Command.php(200): PHPUnit\\TextUI\\TestRunner->doRun()
#39 D:\\code\\01-cashingames\\cashingames-api\\vendor\\phpunit\\phpunit\\src\\TextUI\\Command.php(159): PHPUnit\\TextUI\\Command->run()
#40 D:\\code\\01-cashingames\\cashingames-api\\vendor\\phpunit\\phpunit\\phpunit(61): PHPUnit\\TextUI\\Command::main()
#41 {main}
"} 
[2020-03-24 06:36:26] local.ERROR: Undefined index: exposed_headers {"exception":"[object] (ErrorException(code: 0): Undefined index: exposed_headers at D:\\code\\01-cashingames\\cashingames-api\\vendor\\fruitcake\\laravel-cors\\src\\CorsServiceProvider.php:24)
[stacktrace]
#0 D:\\code\\01-cashingames\\cashingames-api\\vendor\\fruitcake\\laravel-cors\\src\\CorsServiceProvider.php(24): Illuminate\\Foundation\\Bootstrap\\HandleExceptions->handleError()
#1 D:\\code\\01-cashingames\\cashingames-api\\vendor\\laravel\\framework\\src\\Illuminate\\Container\\Container.php(803): Fruitcake\\Cors\\CorsServiceProvider->Fruitcake\\Cors\\{closure}()
#2 D:\\code\\01-cashingames\\cashingames-api\\vendor\\laravel\\framework\\src\\Illuminate\\Container\\Container.php(685): Illuminate\\Container\\Container->build()
#3 D:\\code\\01-cashingames\\cashingames-api\\vendor\\laravel\\framework\\src\\Illuminate\\Foundation\\Application.php(794): Illuminate\\Container\\Container->resolve()
#4 D:\\code\\01-cashingames\\cashingames-api\\vendor\\laravel\\framework\\src\\Illuminate\\Container\\Container.php(633): Illuminate\\Foundation\\Application->resolve()
#5 D:\\code\\01-cashingames\\cashingames-api\\vendor\\laravel\\framework\\src\\Illuminate\\Foundation\\Application.php(779): Illuminate\\Container\\Container->make()
#6 D:\\code\\01-cashingames\\cashingames-api\\vendor\\laravel\\framework\\src\\Illuminate\\Container\\Container.php(949): Illuminate\\Foundation\\Application->make()
#7 D:\\code\\01-cashingames\\cashingames-api\\vendor\\laravel\\framework\\src\\Illuminate\\Container\\Container.php(877): Illuminate\\Container\\Container->resolveClass()
#8 D:\\code\\01-cashingames\\cashingames-api\\vendor\\laravel\\framework\\src\\Illuminate\\Container\\Container.php(838): Illuminate\\Container\\Container->resolveDependencies()
#9 D:\\code\\01-cashingames\\cashingames-api\\vendor\\laravel\\framework\\src\\Illuminate\\Container\\Container.php(685): Illuminate\\Container\\Container->build()
#10 D:\\code\\01-cashingames\\cashingames-api\\vendor\\laravel\\framework\\src\\Illuminate\\Foundation\\Application.php(794): Illuminate\\Container\\Container->resolve()
#11 D:\\code\\01-cashingames\\cashingames-api\\vendor\\laravel\\framework\\src\\Illuminate\\Container\\Container.php(633): Illuminate\\Foundation\\Application->resolve()
#12 D:\\code\\01-cashingames\\cashingames-api\\vendor\\laravel\\framework\\src\\Illuminate\\Foundation\\Application.php(779): Illuminate\\Container\\Container->make()
#13 D:\\code\\01-cashingames\\cashingames-api\\vendor\\laravel\\framework\\src\\Illuminate\\Pipeline\\Pipeline.php(156): Illuminate\\Foundation\\Application->make()
#14 D:\\code\\01-cashingames\\cashingames-api\\vendor\\laravel\\framework\\src\\Illuminate\\Foundation\\Http\\Middleware\\TransformsRequest.php(21): Illuminate\\Pipeline\\Pipeline->Illuminate\\Pipeline\\{closure}()
#15 D:\\code\\01-cashingames\\cashingames-api\\vendor\\laravel\\framework\\src\\Illuminate\\Pipeline\\Pipeline.php(167): Illuminate\\Foundation\\Http\\Middleware\\TransformsRequest->handle()
#16 D:\\code\\01-cashingames\\cashingames-api\\vendor\\laravel\\framework\\src\\Illuminate\\Foundation\\Http\\Middleware\\TransformsRequest.php(21): Illuminate\\Pipeline\\Pipeline->Illuminate\\Pipeline\\{closure}()
#17 D:\\code\\01-cashingames\\cashingames-api\\vendor\\laravel\\framework\\src\\Illuminate\\Pipeline\\Pipeline.php(167): Illuminate\\Foundation\\Http\\Middleware\\TransformsRequest->handle()
#18 D:\\code\\01-cashingames\\cashingames-api\\vendor\\laravel\\framework\\src\\Illuminate\\Foundation\\Http\\Middleware\\ValidatePostSize.php(27): Illuminate\\Pipeline\\Pipeline->Illuminate\\Pipeline\\{closure}()
#19 D:\\code\\01-cashingames\\cashingames-api\\vendor\\laravel\\framework\\src\\Illuminate\\Pipeline\\Pipeline.php(167): Illuminate\\Foundation\\Http\\Middleware\\ValidatePostSize->handle()
#20 D:\\code\\01-cashingames\\cashingames-api\\vendor\\laravel\\framework\\src\\Illuminate\\Foundation\\Http\\Middleware\\CheckForMaintenanceMode.php(63): Illuminate\\Pipeline\\Pipeline->Illuminate\\Pipeline\\{closure}()
#21 D:\\code\\01-cashingames\\cashingames-api\\vendor\\laravel\\framework\\src\\Illuminate\\Pipeline\\Pipeline.php(167): Illuminate\\Foundation\\Http\\Middleware\\CheckForMaintenanceMode->handle()
#22 D:\\code\\01-cashingames\\cashingames-api\\vendor\\fideloper\\proxy\\src\\TrustProxies.php(57): Illuminate\\Pipeline\\Pipeline->Illuminate\\Pipeline\\{closure}()
#23 D:\\code\\01-cashingames\\cashingames-api\\vendor\\laravel\\framework\\src\\Illuminate\\Pipeline\\Pipeline.php(167): Fideloper\\Proxy\\TrustProxies->handle()
#24 D:\\code\\01-cashingames\\cashingames-api\\vendor\\laravel\\framework\\src\\Illuminate\\Pipeline\\Pipeline.php(103): Illuminate\\Pipeline\\Pipeline->Illuminate\\Pipeline\\{closure}()
#25 D:\\code\\01-cashingames\\cashingames-api\\vendor\\laravel\\framework\\src\\Illuminate\\Foundation\\Http\\Kernel.php(140): Illuminate\\Pipeline\\Pipeline->then()
#26 D:\\code\\01-cashingames\\cashingames-api\\vendor\\laravel\\framework\\src\\Illuminate\\Foundation\\Http\\Kernel.php(109): Illuminate\\Foundation\\Http\\Kernel->sendRequestThroughRouter()
#27 D:\\code\\01-cashingames\\cashingames-api\\vendor\\laravel\\framework\\src\\Illuminate\\Foundation\\Testing\\Concerns\\MakesHttpRequests.php(468): Illuminate\\Foundation\\Http\\Kernel->handle()
#28 D:\\code\\01-cashingames\\cashingames-api\\vendor\\laravel\\framework\\src\\Illuminate\\Foundation\\Testing\\Concerns\\MakesHttpRequests.php(258): Illuminate\\Foundation\\Testing\\TestCase->call()
#29 D:\\code\\01-cashingames\\cashingames-api\\tests\\Feature\\ExampleTest.php(17): Illuminate\\Foundation\\Testing\\TestCase->get()
#30 D:\\code\\01-cashingames\\cashingames-api\\vendor\\phpunit\\phpunit\\src\\Framework\\TestCase.php(1408): Tests\\Feature\\ExampleTest->testBasicTest()
#31 D:\\code\\01-cashingames\\cashingames-api\\vendor\\phpunit\\phpunit\\src\\Framework\\TestCase.php(1028): PHPUnit\\Framework\\TestCase->runTest()
#32 D:\\code\\01-cashingames\\cashingames-api\\vendor\\phpunit\\phpunit\\src\\Framework\\TestResult.php(691): PHPUnit\\Framework\\TestCase->runBare()
#33 D:\\code\\01-cashingames\\cashingames-api\\vendor\\phpunit\\phpunit\\src\\Framework\\TestCase.php(756): PHPUnit\\Framework\\TestResult->run()
#34 D:\\code\\01-cashingames\\cashingames-api\\vendor\\phpunit\\phpunit\\src\\Framework\\TestSuite.php(597): PHPUnit\\Framework\\TestCase->run()
#35 D:\\code\\01-cashingames\\cashingames-api\\vendor\\phpunit\\phpunit\\src\\Framework\\TestSuite.php(597): PHPUnit\\Framework\\TestSuite->run()
#36 D:\\code\\01-cashingames\\cashingames-api\\vendor\\phpunit\\phpunit\\src\\Framework\\TestSuite.php(597): PHPUnit\\Framework\\TestSuite->run()
#37 D:\\code\\01-cashingames\\cashingames-api\\vendor\\phpunit\\phpunit\\src\\TextUI\\TestRunner.php(621): PHPUnit\\Framework\\TestSuite->run()
#38 D:\\code\\01-cashingames\\cashingames-api\\vendor\\phpunit\\phpunit\\src\\TextUI\\Command.php(200): PHPUnit\\TextUI\\TestRunner->doRun()
#39 D:\\code\\01-cashingames\\cashingames-api\\vendor\\phpunit\\phpunit\\src\\TextUI\\Command.php(159): PHPUnit\\TextUI\\Command->run()
#40 D:\\code\\01-cashingames\\cashingames-api\\vendor\\phpunit\\phpunit\\phpunit(61): PHPUnit\\TextUI\\Command::main()
#41 {main}
"} 
[2020-03-24 06:47:37] local.ERROR: Trait 'Illuminate\Foundation\Auth\RegistersUsers' not found {"exception":"[object] (Symfony\\Component\\ErrorHandler\\Error\\FatalError(code: 0): Trait 'Illuminate\\Foundation\\Auth\\RegistersUsers' not found at D:\\code\\01-cashingames\\cashingames-api\\app\\Http\\Controllers\\Auth\\RegisterController.php:13)
[stacktrace]
#0 D:\\code\\01-cashingames\\cashingames-api\\vendor\\laravel\\framework\\src\\Illuminate\\Foundation\\Bootstrap\\HandleExceptions.php(143): Symfony\\Component\\ErrorHandler\\Error\\FatalError->__construct('???', '???', '???', '???', '???', '???')
#1 D:\\code\\01-cashingames\\cashingames-api\\vendor\\laravel\\framework\\src\\Illuminate\\Foundation\\Bootstrap\\HandleExceptions.php(130): Illuminate\\Foundation\\Bootstrap\\HandleExceptions->fatalErrorFromPhpError('???', '???')
#2 D:\\code\\01-cashingames\\cashingames-api\\vendor\\laravel\\framework\\src\\Illuminate\\Foundation\\Bootstrap\\HandleExceptions.php(0): Illuminate\\Foundation\\Bootstrap\\HandleExceptions->handleShutdown()
#3 D:\\code\\01-cashingames\\cashingames-api\\vendor\\composer\\ClassLoader.php(444): ()
#4 D:\\code\\01-cashingames\\cashingames-api\\vendor\\composer\\ClassLoader.php(322): Composer\\Autoload\\includeFile('???')
#5 D:\\code\\01-cashingames\\cashingames-api\\vendor\\laravel\\framework\\src\\Illuminate\\Container\\Container.php(807): Composer\\Autoload\\ClassLoader->loadClass('???')
#6 D:\\code\\01-cashingames\\cashingames-api\\vendor\\laravel\\framework\\src\\Illuminate\\Container\\Container.php(807): spl_autoload_call('???')
#7 D:\\code\\01-cashingames\\cashingames-api\\vendor\\laravel\\framework\\src\\Illuminate\\Container\\Container.php(807): ReflectionClass->__construct('???')
#8 D:\\code\\01-cashingames\\cashingames-api\\vendor\\laravel\\framework\\src\\Illuminate\\Container\\Container.php(685): Illuminate\\Foundation\\Application->build('???')
#9 D:\\code\\01-cashingames\\cashingames-api\\vendor\\laravel\\framework\\src\\Illuminate\\Foundation\\Application.php(794): Illuminate\\Foundation\\Application->resolve('???', '???', '???')
#10 D:\\code\\01-cashingames\\cashingames-api\\vendor\\laravel\\framework\\src\\Illuminate\\Container\\Container.php(633): Illuminate\\Foundation\\Application->resolve('???', '???', '???')
#11 D:\\code\\01-cashingames\\cashingames-api\\vendor\\laravel\\framework\\src\\Illuminate\\Foundation\\Application.php(779): Illuminate\\Foundation\\Application->make('???', '???')
#12 D:\\code\\01-cashingames\\cashingames-api\\vendor\\laravel\\framework\\src\\Illuminate\\Routing\\Route.php(239): Illuminate\\Foundation\\Application->make('???', '???')
#13 D:\\code\\01-cashingames\\cashingames-api\\vendor\\laravel\\framework\\src\\Illuminate\\Routing\\Route.php(944): Illuminate\\Routing\\Route->getController()
#14 D:\\code\\01-cashingames\\cashingames-api\\vendor\\laravel\\framework\\src\\Illuminate\\Routing\\Route.php(905): Illuminate\\Routing\\Route->controllerMiddleware()
#15 D:\\code\\01-cashingames\\cashingames-api\\vendor\\laravel\\framework\\src\\Illuminate\\Routing\\Router.php(694): Illuminate\\Routing\\Route->gatherMiddleware()
#16 D:\\code\\01-cashingames\\cashingames-api\\vendor\\laravel\\framework\\src\\Illuminate\\Routing\\Router.php(674): Illuminate\\Routing\\Router->gatherRouteMiddleware('???')
#17 D:\\code\\01-cashingames\\cashingames-api\\vendor\\laravel\\framework\\src\\Illuminate\\Routing\\Router.php(658): Illuminate\\Routing\\Router->runRouteWithinStack('???', '???')
#18 D:\\code\\01-cashingames\\cashingames-api\\vendor\\laravel\\framework\\src\\Illuminate\\Routing\\Router.php(624): Illuminate\\Routing\\Router->runRoute('???', '???')
#19 D:\\code\\01-cashingames\\cashingames-api\\vendor\\laravel\\framework\\src\\Illuminate\\Routing\\Router.php(613): Illuminate\\Routing\\Router->dispatchToRoute('???')
#20 D:\\code\\01-cashingames\\cashingames-api\\vendor\\laravel\\framework\\src\\Illuminate\\Foundation\\Http\\Kernel.php(165): Illuminate\\Routing\\Router->dispatch('???')
#21 D:\\code\\01-cashingames\\cashingames-api\\vendor\\laravel\\framework\\src\\Illuminate\\Pipeline\\Pipeline.php(128): App\\Http\\Kernel->Illuminate\\Foundation\\Http\\{closure:D:\\code\\01-cashingames\\cashingames-api\\vendor\\laravel\\framework\\src\\Illuminate\\Foundation\\Http\\Kernel.php:162-166}('???')
#22 D:\\code\\01-cashingames\\cashingames-api\\vendor\\fruitcake\\laravel-cors\\src\\HandleCors.php(36): Illuminate\\Routing\\Pipeline->Illuminate\\Pipeline\\{closure:D:\\code\\01-cashingames\\cashingames-api\\vendor\\laravel\\framework\\src\\Illuminate\\Pipeline\\Pipeline.php:126-132}('???')
#23 D:\\code\\01-cashingames\\cashingames-api\\vendor\\laravel\\framework\\src\\Illuminate\\Pipeline\\Pipeline.php(167): Fruitcake\\Cors\\HandleCors->handle('???', '???')
#24 D:\\code\\01-cashingames\\cashingames-api\\vendor\\laravel\\framework\\src\\Illuminate\\Foundation\\Http\\Middleware\\TransformsRequest.php(21): Illuminate\\Routing\\Pipeline->Illuminate\\Pipeline\\{closure:D:\\code\\01-cashingames\\cashingames-api\\vendor\\laravel\\framework\\src\\Illuminate\\Pipeline\\Pipeline.php:143-174}('???')
#25 D:\\code\\01-cashingames\\cashingames-api\\vendor\\laravel\\framework\\src\\Illuminate\\Pipeline\\Pipeline.php(167): Illuminate\\Foundation\\Http\\Middleware\\ConvertEmptyStringsToNull->handle('???', '???')
#26 D:\\code\\01-cashingames\\cashingames-api\\vendor\\laravel\\framework\\src\\Illuminate\\Foundation\\Http\\Middleware\\TransformsRequest.php(21): Illuminate\\Routing\\Pipeline->Illuminate\\Pipeline\\{closure:D:\\code\\01-cashingames\\cashingames-api\\vendor\\laravel\\framework\\src\\Illuminate\\Pipeline\\Pipeline.php:143-174}('???')
#27 D:\\code\\01-cashingames\\cashingames-api\\vendor\\laravel\\framework\\src\\Illuminate\\Pipeline\\Pipeline.php(167): App\\Http\\Middleware\\TrimStrings->handle('???', '???')
#28 D:\\code\\01-cashingames\\cashingames-api\\vendor\\laravel\\framework\\src\\Illuminate\\Foundation\\Http\\Middleware\\ValidatePostSize.php(27): Illuminate\\Routing\\Pipeline->Illuminate\\Pipeline\\{closure:D:\\code\\01-cashingames\\cashingames-api\\vendor\\laravel\\framework\\src\\Illuminate\\Pipeline\\Pipeline.php:143-174}('???')
#29 D:\\code\\01-cashingames\\cashingames-api\\vendor\\laravel\\framework\\src\\Illuminate\\Pipeline\\Pipeline.php(167): Illuminate\\Foundation\\Http\\Middleware\\ValidatePostSize->handle('???', '???')
#30 D:\\code\\01-cashingames\\cashingames-api\\vendor\\laravel\\framework\\src\\Illuminate\\Foundation\\Http\\Middleware\\CheckForMaintenanceMode.php(63): Illuminate\\Routing\\Pipeline->Illuminate\\Pipeline\\{closure:D:\\code\\01-cashingames\\cashingames-api\\vendor\\laravel\\framework\\src\\Illuminate\\Pipeline\\Pipeline.php:143-174}('???')
#31 D:\\code\\01-cashingames\\cashingames-api\\vendor\\laravel\\framework\\src\\Illuminate\\Pipeline\\Pipeline.php(167): App\\Http\\Middleware\\CheckForMaintenanceMode->handle('???', '???')
#32 D:\\code\\01-cashingames\\cashingames-api\\vendor\\fideloper\\proxy\\src\\TrustProxies.php(57): Illuminate\\Routing\\Pipeline->Illuminate\\Pipeline\\{closure:D:\\code\\01-cashingames\\cashingames-api\\vendor\\laravel\\framework\\src\\Illuminate\\Pipeline\\Pipeline.php:143-174}('???')
#33 D:\\code\\01-cashingames\\cashingames-api\\vendor\\laravel\\framework\\src\\Illuminate\\Pipeline\\Pipeline.php(167): App\\Http\\Middleware\\TrustProxies->handle('???', '???')
#34 D:\\code\\01-cashingames\\cashingames-api\\vendor\\laravel\\framework\\src\\Illuminate\\Pipeline\\Pipeline.php(103): Illuminate\\Routing\\Pipeline->Illuminate\\Pipeline\\{closure:D:\\code\\01-cashingames\\cashingames-api\\vendor\\laravel\\framework\\src\\Illuminate\\Pipeline\\Pipeline.php:143-174}('???')
#35 D:\\code\\01-cashingames\\cashingames-api\\vendor\\laravel\\framework\\src\\Illuminate\\Foundation\\Http\\Kernel.php(140): Illuminate\\Routing\\Pipeline->then('???')
#36 D:\\code\\01-cashingames\\cashingames-api\\vendor\\laravel\\framework\\src\\Illuminate\\Foundation\\Http\\Kernel.php(109): App\\Http\\Kernel->sendRequestThroughRouter('???')
#37 D:\\code\\01-cashingames\\cashingames-api\\public\\index.php(55): App\\Http\\Kernel->handle('???')
#38 D:\\code\\01-cashingames\\cashingames-api\\server.php(21): ()
#39 D:\\code\\01-cashingames\\cashingames-api\\server.php(0): {main}()
#40 {main}
"} 
