[2020-03-23 05:13:05] local.ERROR: Trying to get property 'pivot' of non-object {"userId":11,"exception":"[object] (ErrorException(code: 0): Trying to get property 'pivot' of non-object at D:\\code\\01-cashingames\\cashingames-api\\app\\Http\\Controllers\\GameController.php:25)
[stacktrace]
#0 D:\\code\\01-cashingames\\cashingames-api\\app\\Http\\Controllers\\GameController.php(25): Illuminate\\Foundation\\Bootstrap\\HandleExceptions->handleError()
#1 [internal function]: App\\Http\\Controllers\\GameController->start()
#2 D:\\code\\01-cashingames\\cashingames-api\\vendor\\laravel\\framework\\src\\Illuminate\\Routing\\Controller.php(54): call_user_func_array()
#3 D:\\code\\01-cashingames\\cashingames-api\\vendor\\laravel\\framework\\src\\Illuminate\\Routing\\ControllerDispatcher.php(45): Illuminate\\Routing\\Controller->callAction()
#4 D:\\code\\01-cashingames\\cashingames-api\\vendor\\laravel\\framework\\src\\Illuminate\\Routing\\Route.php(219): Illuminate\\Routing\\ControllerDispatcher->dispatch()
#5 D:\\code\\01-cashingames\\cashingames-api\\vendor\\laravel\\framework\\src\\Illuminate\\Routing\\Route.php(176): Illuminate\\Routing\\Route->runController()
#6 D:\\code\\01-cashingames\\cashingames-api\\vendor\\laravel\\framework\\src\\Illuminate\\Routing\\Router.php(681): Illuminate\\Routing\\Route->run()
#7 D:\\code\\01-cashingames\\cashingames-api\\vendor\\laravel\\framework\\src\\Illuminate\\Pipeline\\Pipeline.php(130): Illuminate\\Routing\\Router->Illuminate\\Routing\\{closure}()
#8 D:\\code\\01-cashingames\\cashingames-api\\vendor\\laravel\\framework\\src\\Illuminate\\Routing\\Middleware\\SubstituteBindings.php(41): Illuminate\\Pipeline\\Pipeline->Illuminate\\Pipeline\\{closure}()
#9 D:\\code\\01-cashingames\\cashingames-api\\vendor\\laravel\\framework\\src\\Illuminate\\Pipeline\\Pipeline.php(171): Illuminate\\Routing\\Middleware\\SubstituteBindings->handle()
#10 D:\\code\\01-cashingames\\cashingames-api\\vendor\\laravel\\framework\\src\\Illuminate\\Routing\\Middleware\\ThrottleRequests.php(59): Illuminate\\Pipeline\\Pipeline->Illuminate\\Pipeline\\{closure}()
#11 D:\\code\\01-cashingames\\cashingames-api\\vendor\\laravel\\framework\\src\\Illuminate\\Pipeline\\Pipeline.php(171): Illuminate\\Routing\\Middleware\\ThrottleRequests->handle()
#12 D:\\code\\01-cashingames\\cashingames-api\\vendor\\laravel\\framework\\src\\Illuminate\\Auth\\Middleware\\Authenticate.php(43): Illuminate\\Pipeline\\Pipeline->Illuminate\\Pipeline\\{closure}()
#13 D:\\code\\01-cashingames\\cashingames-api\\vendor\\laravel\\framework\\src\\Illuminate\\Pipeline\\Pipeline.php(171): Illuminate\\Auth\\Middleware\\Authenticate->handle()
#14 D:\\code\\01-cashingames\\cashingames-api\\vendor\\laravel\\framework\\src\\Illuminate\\Pipeline\\Pipeline.php(105): Illuminate\\Pipeline\\Pipeline->Illuminate\\Pipeline\\{closure}()
#15 D:\\code\\01-cashingames\\cashingames-api\\vendor\\laravel\\framework\\src\\Illuminate\\Routing\\Router.php(683): Illuminate\\Pipeline\\Pipeline->then()
#16 D:\\code\\01-cashingames\\cashingames-api\\vendor\\laravel\\framework\\src\\Illuminate\\Routing\\Router.php(658): Illuminate\\Routing\\Router->runRouteWithinStack()
#17 D:\\code\\01-cashingames\\cashingames-api\\vendor\\laravel\\framework\\src\\Illuminate\\Routing\\Router.php(624): Illuminate\\Routing\\Router->runRoute()
#18 D:\\code\\01-cashingames\\cashingames-api\\vendor\\laravel\\framework\\src\\Illuminate\\Routing\\Router.php(613): Illuminate\\Routing\\Router->dispatchToRoute()
#19 D:\\code\\01-cashingames\\cashingames-api\\vendor\\laravel\\framework\\src\\Illuminate\\Foundation\\Http\\Kernel.php(170): Illuminate\\Routing\\Router->dispatch()
#20 D:\\code\\01-cashingames\\cashingames-api\\vendor\\laravel\\framework\\src\\Illuminate\\Pipeline\\Pipeline.php(130): Illuminate\\Foundation\\Http\\Kernel->Illuminate\\Foundation\\Http\\{closure}()
#21 D:\\code\\01-cashingames\\cashingames-api\\vendor\\barryvdh\\laravel-cors\\src\\HandleCors.php(36): Illuminate\\Pipeline\\Pipeline->Illuminate\\Pipeline\\{closure}()
#22 D:\\code\\01-cashingames\\cashingames-api\\vendor\\laravel\\framework\\src\\Illuminate\\Pipeline\\Pipeline.php(171): Barryvdh\\Cors\\HandleCors->handle()
#23 D:\\code\\01-cashingames\\cashingames-api\\vendor\\laravel\\framework\\src\\Illuminate\\Foundation\\Http\\Middleware\\TransformsRequest.php(21): Illuminate\\Pipeline\\Pipeline->Illuminate\\Pipeline\\{closure}()
#24 D:\\code\\01-cashingames\\cashingames-api\\vendor\\laravel\\framework\\src\\Illuminate\\Pipeline\\Pipeline.php(171): Illuminate\\Foundation\\Http\\Middleware\\TransformsRequest->handle()
#25 D:\\code\\01-cashingames\\cashingames-api\\vendor\\laravel\\framework\\src\\Illuminate\\Foundation\\Http\\Middleware\\TransformsRequest.php(21): Illuminate\\Pipeline\\Pipeline->Illuminate\\Pipeline\\{closure}()
#26 D:\\code\\01-cashingames\\cashingames-api\\vendor\\laravel\\framework\\src\\Illuminate\\Pipeline\\Pipeline.php(171): Illuminate\\Foundation\\Http\\Middleware\\TransformsRequest->handle()
#27 D:\\code\\01-cashingames\\cashingames-api\\vendor\\laravel\\framework\\src\\Illuminate\\Foundation\\Http\\Middleware\\ValidatePostSize.php(27): Illuminate\\Pipeline\\Pipeline->Illuminate\\Pipeline\\{closure}()
#28 D:\\code\\01-cashingames\\cashingames-api\\vendor\\laravel\\framework\\src\\Illuminate\\Pipeline\\Pipeline.php(171): Illuminate\\Foundation\\Http\\Middleware\\ValidatePostSize->handle()
#29 D:\\code\\01-cashingames\\cashingames-api\\vendor\\laravel\\framework\\src\\Illuminate\\Foundation\\Http\\Middleware\\CheckForMaintenanceMode.php(63): Illuminate\\Pipeline\\Pipeline->Illuminate\\Pipeline\\{closure}()
#30 D:\\code\\01-cashingames\\cashingames-api\\vendor\\laravel\\framework\\src\\Illuminate\\Pipeline\\Pipeline.php(171): Illuminate\\Foundation\\Http\\Middleware\\CheckForMaintenanceMode->handle()
#31 D:\\code\\01-cashingames\\cashingames-api\\vendor\\fideloper\\proxy\\src\\TrustProxies.php(57): Illuminate\\Pipeline\\Pipeline->Illuminate\\Pipeline\\{closure}()
#32 D:\\code\\01-cashingames\\cashingames-api\\vendor\\laravel\\framework\\src\\Illuminate\\Pipeline\\Pipeline.php(171): Fideloper\\Proxy\\TrustProxies->handle()
#33 D:\\code\\01-cashingames\\cashingames-api\\vendor\\laravel\\framework\\src\\Illuminate\\Pipeline\\Pipeline.php(105): Illuminate\\Pipeline\\Pipeline->Illuminate\\Pipeline\\{closure}()
#34 D:\\code\\01-cashingames\\cashingames-api\\vendor\\laravel\\framework\\src\\Illuminate\\Foundation\\Http\\Kernel.php(145): Illuminate\\Pipeline\\Pipeline->then()
#35 D:\\code\\01-cashingames\\cashingames-api\\vendor\\laravel\\framework\\src\\Illuminate\\Foundation\\Http\\Kernel.php(110): Illuminate\\Foundation\\Http\\Kernel->sendRequestThroughRouter()
#36 D:\\code\\01-cashingames\\cashingames-api\\public\\index.php(55): Illuminate\\Foundation\\Http\\Kernel->handle()
#37 D:\\code\\01-cashingames\\cashingames-api\\server.php(21): require_once('D:\\\\code\\\\01-cash...')
#38 {main}
"} 
[2020-03-23 05:13:27] local.ERROR: Trying to get property 'pivot' of non-object {"userId":11,"exception":"[object] (ErrorException(code: 0): Trying to get property 'pivot' of non-object at D:\\code\\01-cashingames\\cashingames-api\\app\\Http\\Controllers\\GameController.php:25)
[stacktrace]
#0 D:\\code\\01-cashingames\\cashingames-api\\app\\Http\\Controllers\\GameController.php(25): Illuminate\\Foundation\\Bootstrap\\HandleExceptions->handleError()
#1 [internal function]: App\\Http\\Controllers\\GameController->start()
#2 D:\\code\\01-cashingames\\cashingames-api\\vendor\\laravel\\framework\\src\\Illuminate\\Routing\\Controller.php(54): call_user_func_array()
#3 D:\\code\\01-cashingames\\cashingames-api\\vendor\\laravel\\framework\\src\\Illuminate\\Routing\\ControllerDispatcher.php(45): Illuminate\\Routing\\Controller->callAction()
#4 D:\\code\\01-cashingames\\cashingames-api\\vendor\\laravel\\framework\\src\\Illuminate\\Routing\\Route.php(219): Illuminate\\Routing\\ControllerDispatcher->dispatch()
#5 D:\\code\\01-cashingames\\cashingames-api\\vendor\\laravel\\framework\\src\\Illuminate\\Routing\\Route.php(176): Illuminate\\Routing\\Route->runController()
#6 D:\\code\\01-cashingames\\cashingames-api\\vendor\\laravel\\framework\\src\\Illuminate\\Routing\\Router.php(681): Illuminate\\Routing\\Route->run()
#7 D:\\code\\01-cashingames\\cashingames-api\\vendor\\laravel\\framework\\src\\Illuminate\\Pipeline\\Pipeline.php(130): Illuminate\\Routing\\Router->Illuminate\\Routing\\{closure}()
#8 D:\\code\\01-cashingames\\cashingames-api\\vendor\\laravel\\framework\\src\\Illuminate\\Routing\\Middleware\\SubstituteBindings.php(41): Illuminate\\Pipeline\\Pipeline->Illuminate\\Pipeline\\{closure}()
#9 D:\\code\\01-cashingames\\cashingames-api\\vendor\\laravel\\framework\\src\\Illuminate\\Pipeline\\Pipeline.php(171): Illuminate\\Routing\\Middleware\\SubstituteBindings->handle()
#10 D:\\code\\01-cashingames\\cashingames-api\\vendor\\laravel\\framework\\src\\Illuminate\\Routing\\Middleware\\ThrottleRequests.php(59): Illuminate\\Pipeline\\Pipeline->Illuminate\\Pipeline\\{closure}()
#11 D:\\code\\01-cashingames\\cashingames-api\\vendor\\laravel\\framework\\src\\Illuminate\\Pipeline\\Pipeline.php(171): Illuminate\\Routing\\Middleware\\ThrottleRequests->handle()
#12 D:\\code\\01-cashingames\\cashingames-api\\vendor\\laravel\\framework\\src\\Illuminate\\Auth\\Middleware\\Authenticate.php(43): Illuminate\\Pipeline\\Pipeline->Illuminate\\Pipeline\\{closure}()
#13 D:\\code\\01-cashingames\\cashingames-api\\vendor\\laravel\\framework\\src\\Illuminate\\Pipeline\\Pipeline.php(171): Illuminate\\Auth\\Middleware\\Authenticate->handle()
#14 D:\\code\\01-cashingames\\cashingames-api\\vendor\\laravel\\framework\\src\\Illuminate\\Pipeline\\Pipeline.php(105): Illuminate\\Pipeline\\Pipeline->Illuminate\\Pipeline\\{closure}()
#15 D:\\code\\01-cashingames\\cashingames-api\\vendor\\laravel\\framework\\src\\Illuminate\\Routing\\Router.php(683): Illuminate\\Pipeline\\Pipeline->then()
#16 D:\\code\\01-cashingames\\cashingames-api\\vendor\\laravel\\framework\\src\\Illuminate\\Routing\\Router.php(658): Illuminate\\Routing\\Router->runRouteWithinStack()
#17 D:\\code\\01-cashingames\\cashingames-api\\vendor\\laravel\\framework\\src\\Illuminate\\Routing\\Router.php(624): Illuminate\\Routing\\Router->runRoute()
#18 D:\\code\\01-cashingames\\cashingames-api\\vendor\\laravel\\framework\\src\\Illuminate\\Routing\\Router.php(613): Illuminate\\Routing\\Router->dispatchToRoute()
#19 D:\\code\\01-cashingames\\cashingames-api\\vendor\\laravel\\framework\\src\\Illuminate\\Foundation\\Http\\Kernel.php(170): Illuminate\\Routing\\Router->dispatch()
#20 D:\\code\\01-cashingames\\cashingames-api\\vendor\\laravel\\framework\\src\\Illuminate\\Pipeline\\Pipeline.php(130): Illuminate\\Foundation\\Http\\Kernel->Illuminate\\Foundation\\Http\\{closure}()
#21 D:\\code\\01-cashingames\\cashingames-api\\vendor\\barryvdh\\laravel-cors\\src\\HandleCors.php(36): Illuminate\\Pipeline\\Pipeline->Illuminate\\Pipeline\\{closure}()
#22 D:\\code\\01-cashingames\\cashingames-api\\vendor\\laravel\\framework\\src\\Illuminate\\Pipeline\\Pipeline.php(171): Barryvdh\\Cors\\HandleCors->handle()
#23 D:\\code\\01-cashingames\\cashingames-api\\vendor\\laravel\\framework\\src\\Illuminate\\Foundation\\Http\\Middleware\\TransformsRequest.php(21): Illuminate\\Pipeline\\Pipeline->Illuminate\\Pipeline\\{closure}()
#24 D:\\code\\01-cashingames\\cashingames-api\\vendor\\laravel\\framework\\src\\Illuminate\\Pipeline\\Pipeline.php(171): Illuminate\\Foundation\\Http\\Middleware\\TransformsRequest->handle()
#25 D:\\code\\01-cashingames\\cashingames-api\\vendor\\laravel\\framework\\src\\Illuminate\\Foundation\\Http\\Middleware\\TransformsRequest.php(21): Illuminate\\Pipeline\\Pipeline->Illuminate\\Pipeline\\{closure}()
#26 D:\\code\\01-cashingames\\cashingames-api\\vendor\\laravel\\framework\\src\\Illuminate\\Pipeline\\Pipeline.php(171): Illuminate\\Foundation\\Http\\Middleware\\TransformsRequest->handle()
#27 D:\\code\\01-cashingames\\cashingames-api\\vendor\\laravel\\framework\\src\\Illuminate\\Foundation\\Http\\Middleware\\ValidatePostSize.php(27): Illuminate\\Pipeline\\Pipeline->Illuminate\\Pipeline\\{closure}()
#28 D:\\code\\01-cashingames\\cashingames-api\\vendor\\laravel\\framework\\src\\Illuminate\\Pipeline\\Pipeline.php(171): Illuminate\\Foundation\\Http\\Middleware\\ValidatePostSize->handle()
#29 D:\\code\\01-cashingames\\cashingames-api\\vendor\\laravel\\framework\\src\\Illuminate\\Foundation\\Http\\Middleware\\CheckForMaintenanceMode.php(63): Illuminate\\Pipeline\\Pipeline->Illuminate\\Pipeline\\{closure}()
#30 D:\\code\\01-cashingames\\cashingames-api\\vendor\\laravel\\framework\\src\\Illuminate\\Pipeline\\Pipeline.php(171): Illuminate\\Foundation\\Http\\Middleware\\CheckForMaintenanceMode->handle()
#31 D:\\code\\01-cashingames\\cashingames-api\\vendor\\fideloper\\proxy\\src\\TrustProxies.php(57): Illuminate\\Pipeline\\Pipeline->Illuminate\\Pipeline\\{closure}()
#32 D:\\code\\01-cashingames\\cashingames-api\\vendor\\laravel\\framework\\src\\Illuminate\\Pipeline\\Pipeline.php(171): Fideloper\\Proxy\\TrustProxies->handle()
#33 D:\\code\\01-cashingames\\cashingames-api\\vendor\\laravel\\framework\\src\\Illuminate\\Pipeline\\Pipeline.php(105): Illuminate\\Pipeline\\Pipeline->Illuminate\\Pipeline\\{closure}()
#34 D:\\code\\01-cashingames\\cashingames-api\\vendor\\laravel\\framework\\src\\Illuminate\\Foundation\\Http\\Kernel.php(145): Illuminate\\Pipeline\\Pipeline->then()
#35 D:\\code\\01-cashingames\\cashingames-api\\vendor\\laravel\\framework\\src\\Illuminate\\Foundation\\Http\\Kernel.php(110): Illuminate\\Foundation\\Http\\Kernel->sendRequestThroughRouter()
#36 D:\\code\\01-cashingames\\cashingames-api\\public\\index.php(55): Illuminate\\Foundation\\Http\\Kernel->handle()
#37 D:\\code\\01-cashingames\\cashingames-api\\server.php(21): require_once('D:\\\\code\\\\01-cash...')
#38 {main}
"} 
[2020-03-23 05:15:22] local.ERROR: SQLSTATE[42S22]: Column not found: 1054 Unknown column '0' in 'where clause' (SQL: select `questions`.*, `game_questions`.`game_id` as `pivot_game_id`, `game_questions`.`question_id` as `pivot_question_id`, `game_questions`.`is_correct` as `pivot_is_correct`, `game_questions`.`created_at` as `pivot_created_at` from `questions` inner join `game_questions` on `questions`.`id` = `game_questions`.`question_id` where `game_questions`.`game_id` = 378 and (`0` = id and `1` = 42) limit 1) {"userId":11,"exception":"[object] (Illuminate\\Database\\QueryException(code: 42S22): SQLSTATE[42S22]: Column not found: 1054 Unknown column '0' in 'where clause' (SQL: select `questions`.*, `game_questions`.`game_id` as `pivot_game_id`, `game_questions`.`question_id` as `pivot_question_id`, `game_questions`.`is_correct` as `pivot_is_correct`, `game_questions`.`created_at` as `pivot_created_at` from `questions` inner join `game_questions` on `questions`.`id` = `game_questions`.`question_id` where `game_questions`.`game_id` = 378 and (`0` = id and `1` = 42) limit 1) at D:\\code\\01-cashingames\\cashingames-api\\vendor\\laravel\\framework\\src\\Illuminate\\Database\\Connection.php:669)
[stacktrace]
#0 D:\\code\\01-cashingames\\cashingames-api\\vendor\\laravel\\framework\\src\\Illuminate\\Database\\Connection.php(629): Illuminate\\Database\\Connection->runQueryCallback()
#1 D:\\code\\01-cashingames\\cashingames-api\\vendor\\laravel\\framework\\src\\Illuminate\\Database\\Connection.php(338): Illuminate\\Database\\Connection->run()
#2 D:\\code\\01-cashingames\\cashingames-api\\vendor\\laravel\\framework\\src\\Illuminate\\Database\\Query\\Builder.php(2132): Illuminate\\Database\\Connection->select()
#3 D:\\code\\01-cashingames\\cashingames-api\\vendor\\laravel\\framework\\src\\Illuminate\\Database\\Query\\Builder.php(2120): Illuminate\\Database\\Query\\Builder->runSelect()
#4 D:\\code\\01-cashingames\\cashingames-api\\vendor\\laravel\\framework\\src\\Illuminate\\Database\\Query\\Builder.php(2592): Illuminate\\Database\\Query\\Builder->Illuminate\\Database\\Query\\{closure}()
#5 D:\\code\\01-cashingames\\cashingames-api\\vendor\\laravel\\framework\\src\\Illuminate\\Database\\Query\\Builder.php(2121): Illuminate\\Database\\Query\\Builder->onceWithColumns()
#6 D:\\code\\01-cashingames\\cashingames-api\\vendor\\laravel\\framework\\src\\Illuminate\\Database\\Eloquent\\Builder.php(537): Illuminate\\Database\\Query\\Builder->get()
#7 D:\\code\\01-cashingames\\cashingames-api\\vendor\\laravel\\framework\\src\\Illuminate\\Database\\Eloquent\\Relations\\BelongsToMany.php(636): Illuminate\\Database\\Eloquent\\Builder->getModels()
#8 D:\\code\\01-cashingames\\cashingames-api\\vendor\\laravel\\framework\\src\\Illuminate\\Database\\Eloquent\\Relations\\BelongsToMany.php(585): Illuminate\\Database\\Eloquent\\Relations\\BelongsToMany->get()
#9 D:\\code\\01-cashingames\\cashingames-api\\app\\Http\\Controllers\\GameController.php(102): Illuminate\\Database\\Eloquent\\Relations\\BelongsToMany->first()
#10 [internal function]: App\\Http\\Controllers\\GameController->fetchQuestion()
#11 D:\\code\\01-cashingames\\cashingames-api\\vendor\\laravel\\framework\\src\\Illuminate\\Routing\\Controller.php(54): call_user_func_array()
#12 D:\\code\\01-cashingames\\cashingames-api\\vendor\\laravel\\framework\\src\\Illuminate\\Routing\\ControllerDispatcher.php(45): Illuminate\\Routing\\Controller->callAction()
#13 D:\\code\\01-cashingames\\cashingames-api\\vendor\\laravel\\framework\\src\\Illuminate\\Routing\\Route.php(219): Illuminate\\Routing\\ControllerDispatcher->dispatch()
#14 D:\\code\\01-cashingames\\cashingames-api\\vendor\\laravel\\framework\\src\\Illuminate\\Routing\\Route.php(176): Illuminate\\Routing\\Route->runController()
#15 D:\\code\\01-cashingames\\cashingames-api\\vendor\\laravel\\framework\\src\\Illuminate\\Routing\\Router.php(681): Illuminate\\Routing\\Route->run()
#16 D:\\code\\01-cashingames\\cashingames-api\\vendor\\laravel\\framework\\src\\Illuminate\\Pipeline\\Pipeline.php(130): Illuminate\\Routing\\Router->Illuminate\\Routing\\{closure}()
#17 D:\\code\\01-cashingames\\cashingames-api\\vendor\\laravel\\framework\\src\\Illuminate\\Routing\\Middleware\\SubstituteBindings.php(41): Illuminate\\Pipeline\\Pipeline->Illuminate\\Pipeline\\{closure}()
#18 D:\\code\\01-cashingames\\cashingames-api\\vendor\\laravel\\framework\\src\\Illuminate\\Pipeline\\Pipeline.php(171): Illuminate\\Routing\\Middleware\\SubstituteBindings->handle()
#19 D:\\code\\01-cashingames\\cashingames-api\\vendor\\laravel\\framework\\src\\Illuminate\\Routing\\Middleware\\ThrottleRequests.php(59): Illuminate\\Pipeline\\Pipeline->Illuminate\\Pipeline\\{closure}()
#20 D:\\code\\01-cashingames\\cashingames-api\\vendor\\laravel\\framework\\src\\Illuminate\\Pipeline\\Pipeline.php(171): Illuminate\\Routing\\Middleware\\ThrottleRequests->handle()
#21 D:\\code\\01-cashingames\\cashingames-api\\vendor\\laravel\\framework\\src\\Illuminate\\Auth\\Middleware\\Authenticate.php(43): Illuminate\\Pipeline\\Pipeline->Illuminate\\Pipeline\\{closure}()
#22 D:\\code\\01-cashingames\\cashingames-api\\vendor\\laravel\\framework\\src\\Illuminate\\Pipeline\\Pipeline.php(171): Illuminate\\Auth\\Middleware\\Authenticate->handle()
#23 D:\\code\\01-cashingames\\cashingames-api\\vendor\\laravel\\framework\\src\\Illuminate\\Pipeline\\Pipeline.php(105): Illuminate\\Pipeline\\Pipeline->Illuminate\\Pipeline\\{closure}()
#24 D:\\code\\01-cashingames\\cashingames-api\\vendor\\laravel\\framework\\src\\Illuminate\\Routing\\Router.php(683): Illuminate\\Pipeline\\Pipeline->then()
#25 D:\\code\\01-cashingames\\cashingames-api\\vendor\\laravel\\framework\\src\\Illuminate\\Routing\\Router.php(658): Illuminate\\Routing\\Router->runRouteWithinStack()
#26 D:\\code\\01-cashingames\\cashingames-api\\vendor\\laravel\\framework\\src\\Illuminate\\Routing\\Router.php(624): Illuminate\\Routing\\Router->runRoute()
#27 D:\\code\\01-cashingames\\cashingames-api\\vendor\\laravel\\framework\\src\\Illuminate\\Routing\\Router.php(613): Illuminate\\Routing\\Router->dispatchToRoute()
#28 D:\\code\\01-cashingames\\cashingames-api\\vendor\\laravel\\framework\\src\\Illuminate\\Foundation\\Http\\Kernel.php(170): Illuminate\\Routing\\Router->dispatch()
#29 D:\\code\\01-cashingames\\cashingames-api\\vendor\\laravel\\framework\\src\\Illuminate\\Pipeline\\Pipeline.php(130): Illuminate\\Foundation\\Http\\Kernel->Illuminate\\Foundation\\Http\\{closure}()
#30 D:\\code\\01-cashingames\\cashingames-api\\vendor\\barryvdh\\laravel-cors\\src\\HandleCors.php(36): Illuminate\\Pipeline\\Pipeline->Illuminate\\Pipeline\\{closure}()
#31 D:\\code\\01-cashingames\\cashingames-api\\vendor\\laravel\\framework\\src\\Illuminate\\Pipeline\\Pipeline.php(171): Barryvdh\\Cors\\HandleCors->handle()
#32 D:\\code\\01-cashingames\\cashingames-api\\vendor\\laravel\\framework\\src\\Illuminate\\Foundation\\Http\\Middleware\\TransformsRequest.php(21): Illuminate\\Pipeline\\Pipeline->Illuminate\\Pipeline\\{closure}()
#33 D:\\code\\01-cashingames\\cashingames-api\\vendor\\laravel\\framework\\src\\Illuminate\\Pipeline\\Pipeline.php(171): Illuminate\\Foundation\\Http\\Middleware\\TransformsRequest->handle()
#34 D:\\code\\01-cashingames\\cashingames-api\\vendor\\laravel\\framework\\src\\Illuminate\\Foundation\\Http\\Middleware\\TransformsRequest.php(21): Illuminate\\Pipeline\\Pipeline->Illuminate\\Pipeline\\{closure}()
#35 D:\\code\\01-cashingames\\cashingames-api\\vendor\\laravel\\framework\\src\\Illuminate\\Pipeline\\Pipeline.php(171): Illuminate\\Foundation\\Http\\Middleware\\TransformsRequest->handle()
#36 D:\\code\\01-cashingames\\cashingames-api\\vendor\\laravel\\framework\\src\\Illuminate\\Foundation\\Http\\Middleware\\ValidatePostSize.php(27): Illuminate\\Pipeline\\Pipeline->Illuminate\\Pipeline\\{closure}()
#37 D:\\code\\01-cashingames\\cashingames-api\\vendor\\laravel\\framework\\src\\Illuminate\\Pipeline\\Pipeline.php(171): Illuminate\\Foundation\\Http\\Middleware\\ValidatePostSize->handle()
#38 D:\\code\\01-cashingames\\cashingames-api\\vendor\\laravel\\framework\\src\\Illuminate\\Foundation\\Http\\Middleware\\CheckForMaintenanceMode.php(63): Illuminate\\Pipeline\\Pipeline->Illuminate\\Pipeline\\{closure}()
#39 D:\\code\\01-cashingames\\cashingames-api\\vendor\\laravel\\framework\\src\\Illuminate\\Pipeline\\Pipeline.php(171): Illuminate\\Foundation\\Http\\Middleware\\CheckForMaintenanceMode->handle()
#40 D:\\code\\01-cashingames\\cashingames-api\\vendor\\fideloper\\proxy\\src\\TrustProxies.php(57): Illuminate\\Pipeline\\Pipeline->Illuminate\\Pipeline\\{closure}()
#41 D:\\code\\01-cashingames\\cashingames-api\\vendor\\laravel\\framework\\src\\Illuminate\\Pipeline\\Pipeline.php(171): Fideloper\\Proxy\\TrustProxies->handle()
#42 D:\\code\\01-cashingames\\cashingames-api\\vendor\\laravel\\framework\\src\\Illuminate\\Pipeline\\Pipeline.php(105): Illuminate\\Pipeline\\Pipeline->Illuminate\\Pipeline\\{closure}()
#43 D:\\code\\01-cashingames\\cashingames-api\\vendor\\laravel\\framework\\src\\Illuminate\\Foundation\\Http\\Kernel.php(145): Illuminate\\Pipeline\\Pipeline->then()
#44 D:\\code\\01-cashingames\\cashingames-api\\vendor\\laravel\\framework\\src\\Illuminate\\Foundation\\Http\\Kernel.php(110): Illuminate\\Foundation\\Http\\Kernel->sendRequestThroughRouter()
#45 D:\\code\\01-cashingames\\cashingames-api\\public\\index.php(55): Illuminate\\Foundation\\Http\\Kernel->handle()
#46 D:\\code\\01-cashingames\\cashingames-api\\server.php(21): require_once('D:\\\\code\\\\01-cash...')
#47 {main}

[previous exception] [object] (Doctrine\\DBAL\\Driver\\PDOException(code: 42S22): SQLSTATE[42S22]: Column not found: 1054 Unknown column '0' in 'where clause' at D:\\code\\01-cashingames\\cashingames-api\\vendor\\doctrine\\dbal\\lib\\Doctrine\\DBAL\\Driver\\PDOConnection.php:63)
[stacktrace]
#0 D:\\code\\01-cashingames\\cashingames-api\\vendor\\laravel\\framework\\src\\Illuminate\\Database\\Connection.php(331): Doctrine\\DBAL\\Driver\\PDOConnection->prepare()
#1 D:\\code\\01-cashingames\\cashingames-api\\vendor\\laravel\\framework\\src\\Illuminate\\Database\\Connection.php(662): Illuminate\\Database\\Connection->Illuminate\\Database\\{closure}()
#2 D:\\code\\01-cashingames\\cashingames-api\\vendor\\laravel\\framework\\src\\Illuminate\\Database\\Connection.php(629): Illuminate\\Database\\Connection->runQueryCallback()
#3 D:\\code\\01-cashingames\\cashingames-api\\vendor\\laravel\\framework\\src\\Illuminate\\Database\\Connection.php(338): Illuminate\\Database\\Connection->run()
#4 D:\\code\\01-cashingames\\cashingames-api\\vendor\\laravel\\framework\\src\\Illuminate\\Database\\Query\\Builder.php(2132): Illuminate\\Database\\Connection->select()
#5 D:\\code\\01-cashingames\\cashingames-api\\vendor\\laravel\\framework\\src\\Illuminate\\Database\\Query\\Builder.php(2120): Illuminate\\Database\\Query\\Builder->runSelect()
#6 D:\\code\\01-cashingames\\cashingames-api\\vendor\\laravel\\framework\\src\\Illuminate\\Database\\Query\\Builder.php(2592): Illuminate\\Database\\Query\\Builder->Illuminate\\Database\\Query\\{closure}()
#7 D:\\code\\01-cashingames\\cashingames-api\\vendor\\laravel\\framework\\src\\Illuminate\\Database\\Query\\Builder.php(2121): Illuminate\\Database\\Query\\Builder->onceWithColumns()
#8 D:\\code\\01-cashingames\\cashingames-api\\vendor\\laravel\\framework\\src\\Illuminate\\Database\\Eloquent\\Builder.php(537): Illuminate\\Database\\Query\\Builder->get()
#9 D:\\code\\01-cashingames\\cashingames-api\\vendor\\laravel\\framework\\src\\Illuminate\\Database\\Eloquent\\Relations\\BelongsToMany.php(636): Illuminate\\Database\\Eloquent\\Builder->getModels()
#10 D:\\code\\01-cashingames\\cashingames-api\\vendor\\laravel\\framework\\src\\Illuminate\\Database\\Eloquent\\Relations\\BelongsToMany.php(585): Illuminate\\Database\\Eloquent\\Relations\\BelongsToMany->get()
#11 D:\\code\\01-cashingames\\cashingames-api\\app\\Http\\Controllers\\GameController.php(102): Illuminate\\Database\\Eloquent\\Relations\\BelongsToMany->first()
#12 [internal function]: App\\Http\\Controllers\\GameController->fetchQuestion()
#13 D:\\code\\01-cashingames\\cashingames-api\\vendor\\laravel\\framework\\src\\Illuminate\\Routing\\Controller.php(54): call_user_func_array()
#14 D:\\code\\01-cashingames\\cashingames-api\\vendor\\laravel\\framework\\src\\Illuminate\\Routing\\ControllerDispatcher.php(45): Illuminate\\Routing\\Controller->callAction()
#15 D:\\code\\01-cashingames\\cashingames-api\\vendor\\laravel\\framework\\src\\Illuminate\\Routing\\Route.php(219): Illuminate\\Routing\\ControllerDispatcher->dispatch()
#16 D:\\code\\01-cashingames\\cashingames-api\\vendor\\laravel\\framework\\src\\Illuminate\\Routing\\Route.php(176): Illuminate\\Routing\\Route->runController()
#17 D:\\code\\01-cashingames\\cashingames-api\\vendor\\laravel\\framework\\src\\Illuminate\\Routing\\Router.php(681): Illuminate\\Routing\\Route->run()
#18 D:\\code\\01-cashingames\\cashingames-api\\vendor\\laravel\\framework\\src\\Illuminate\\Pipeline\\Pipeline.php(130): Illuminate\\Routing\\Router->Illuminate\\Routing\\{closure}()
#19 D:\\code\\01-cashingames\\cashingames-api\\vendor\\laravel\\framework\\src\\Illuminate\\Routing\\Middleware\\SubstituteBindings.php(41): Illuminate\\Pipeline\\Pipeline->Illuminate\\Pipeline\\{closure}()
#20 D:\\code\\01-cashingames\\cashingames-api\\vendor\\laravel\\framework\\src\\Illuminate\\Pipeline\\Pipeline.php(171): Illuminate\\Routing\\Middleware\\SubstituteBindings->handle()
#21 D:\\code\\01-cashingames\\cashingames-api\\vendor\\laravel\\framework\\src\\Illuminate\\Routing\\Middleware\\ThrottleRequests.php(59): Illuminate\\Pipeline\\Pipeline->Illuminate\\Pipeline\\{closure}()
#22 D:\\code\\01-cashingames\\cashingames-api\\vendor\\laravel\\framework\\src\\Illuminate\\Pipeline\\Pipeline.php(171): Illuminate\\Routing\\Middleware\\ThrottleRequests->handle()
#23 D:\\code\\01-cashingames\\cashingames-api\\vendor\\laravel\\framework\\src\\Illuminate\\Auth\\Middleware\\Authenticate.php(43): Illuminate\\Pipeline\\Pipeline->Illuminate\\Pipeline\\{closure}()
#24 D:\\code\\01-cashingames\\cashingames-api\\vendor\\laravel\\framework\\src\\Illuminate\\Pipeline\\Pipeline.php(171): Illuminate\\Auth\\Middleware\\Authenticate->handle()
#25 D:\\code\\01-cashingames\\cashingames-api\\vendor\\laravel\\framework\\src\\Illuminate\\Pipeline\\Pipeline.php(105): Illuminate\\Pipeline\\Pipeline->Illuminate\\Pipeline\\{closure}()
#26 D:\\code\\01-cashingames\\cashingames-api\\vendor\\laravel\\framework\\src\\Illuminate\\Routing\\Router.php(683): Illuminate\\Pipeline\\Pipeline->then()
#27 D:\\code\\01-cashingames\\cashingames-api\\vendor\\laravel\\framework\\src\\Illuminate\\Routing\\Router.php(658): Illuminate\\Routing\\Router->runRouteWithinStack()
#28 D:\\code\\01-cashingames\\cashingames-api\\vendor\\laravel\\framework\\src\\Illuminate\\Routing\\Router.php(624): Illuminate\\Routing\\Router->runRoute()
#29 D:\\code\\01-cashingames\\cashingames-api\\vendor\\laravel\\framework\\src\\Illuminate\\Routing\\Router.php(613): Illuminate\\Routing\\Router->dispatchToRoute()
#30 D:\\code\\01-cashingames\\cashingames-api\\vendor\\laravel\\framework\\src\\Illuminate\\Foundation\\Http\\Kernel.php(170): Illuminate\\Routing\\Router->dispatch()
#31 D:\\code\\01-cashingames\\cashingames-api\\vendor\\laravel\\framework\\src\\Illuminate\\Pipeline\\Pipeline.php(130): Illuminate\\Foundation\\Http\\Kernel->Illuminate\\Foundation\\Http\\{closure}()
#32 D:\\code\\01-cashingames\\cashingames-api\\vendor\\barryvdh\\laravel-cors\\src\\HandleCors.php(36): Illuminate\\Pipeline\\Pipeline->Illuminate\\Pipeline\\{closure}()
#33 D:\\code\\01-cashingames\\cashingames-api\\vendor\\laravel\\framework\\src\\Illuminate\\Pipeline\\Pipeline.php(171): Barryvdh\\Cors\\HandleCors->handle()
#34 D:\\code\\01-cashingames\\cashingames-api\\vendor\\laravel\\framework\\src\\Illuminate\\Foundation\\Http\\Middleware\\TransformsRequest.php(21): Illuminate\\Pipeline\\Pipeline->Illuminate\\Pipeline\\{closure}()
#35 D:\\code\\01-cashingames\\cashingames-api\\vendor\\laravel\\framework\\src\\Illuminate\\Pipeline\\Pipeline.php(171): Illuminate\\Foundation\\Http\\Middleware\\TransformsRequest->handle()
#36 D:\\code\\01-cashingames\\cashingames-api\\vendor\\laravel\\framework\\src\\Illuminate\\Foundation\\Http\\Middleware\\TransformsRequest.php(21): Illuminate\\Pipeline\\Pipeline->Illuminate\\Pipeline\\{closure}()
#37 D:\\code\\01-cashingames\\cashingames-api\\vendor\\laravel\\framework\\src\\Illuminate\\Pipeline\\Pipeline.php(171): Illuminate\\Foundation\\Http\\Middleware\\TransformsRequest->handle()
#38 D:\\code\\01-cashingames\\cashingames-api\\vendor\\laravel\\framework\\src\\Illuminate\\Foundation\\Http\\Middleware\\ValidatePostSize.php(27): Illuminate\\Pipeline\\Pipeline->Illuminate\\Pipeline\\{closure}()
#39 D:\\code\\01-cashingames\\cashingames-api\\vendor\\laravel\\framework\\src\\Illuminate\\Pipeline\\Pipeline.php(171): Illuminate\\Foundation\\Http\\Middleware\\ValidatePostSize->handle()
#40 D:\\code\\01-cashingames\\cashingames-api\\vendor\\laravel\\framework\\src\\Illuminate\\Foundation\\Http\\Middleware\\CheckForMaintenanceMode.php(63): Illuminate\\Pipeline\\Pipeline->Illuminate\\Pipeline\\{closure}()
#41 D:\\code\\01-cashingames\\cashingames-api\\vendor\\laravel\\framework\\src\\Illuminate\\Pipeline\\Pipeline.php(171): Illuminate\\Foundation\\Http\\Middleware\\CheckForMaintenanceMode->handle()
#42 D:\\code\\01-cashingames\\cashingames-api\\vendor\\fideloper\\proxy\\src\\TrustProxies.php(57): Illuminate\\Pipeline\\Pipeline->Illuminate\\Pipeline\\{closure}()
#43 D:\\code\\01-cashingames\\cashingames-api\\vendor\\laravel\\framework\\src\\Illuminate\\Pipeline\\Pipeline.php(171): Fideloper\\Proxy\\TrustProxies->handle()
#44 D:\\code\\01-cashingames\\cashingames-api\\vendor\\laravel\\framework\\src\\Illuminate\\Pipeline\\Pipeline.php(105): Illuminate\\Pipeline\\Pipeline->Illuminate\\Pipeline\\{closure}()
#45 D:\\code\\01-cashingames\\cashingames-api\\vendor\\laravel\\framework\\src\\Illuminate\\Foundation\\Http\\Kernel.php(145): Illuminate\\Pipeline\\Pipeline->then()
#46 D:\\code\\01-cashingames\\cashingames-api\\vendor\\laravel\\framework\\src\\Illuminate\\Foundation\\Http\\Kernel.php(110): Illuminate\\Foundation\\Http\\Kernel->sendRequestThroughRouter()
#47 D:\\code\\01-cashingames\\cashingames-api\\public\\index.php(55): Illuminate\\Foundation\\Http\\Kernel->handle()
#48 D:\\code\\01-cashingames\\cashingames-api\\server.php(21): require_once('D:\\\\code\\\\01-cash...')
#49 {main}

[previous exception] [object] (PDOException(code: 42S22): SQLSTATE[42S22]: Column not found: 1054 Unknown column '0' in 'where clause' at D:\\code\\01-cashingames\\cashingames-api\\vendor\\doctrine\\dbal\\lib\\Doctrine\\DBAL\\Driver\\PDOConnection.php:61)
[stacktrace]
#0 D:\\code\\01-cashingames\\cashingames-api\\vendor\\doctrine\\dbal\\lib\\Doctrine\\DBAL\\Driver\\PDOConnection.php(61): PDO->prepare()
#1 D:\\code\\01-cashingames\\cashingames-api\\vendor\\laravel\\framework\\src\\Illuminate\\Database\\Connection.php(331): Doctrine\\DBAL\\Driver\\PDOConnection->prepare()
#2 D:\\code\\01-cashingames\\cashingames-api\\vendor\\laravel\\framework\\src\\Illuminate\\Database\\Connection.php(662): Illuminate\\Database\\Connection->Illuminate\\Database\\{closure}()
#3 D:\\code\\01-cashingames\\cashingames-api\\vendor\\laravel\\framework\\src\\Illuminate\\Database\\Connection.php(629): Illuminate\\Database\\Connection->runQueryCallback()
#4 D:\\code\\01-cashingames\\cashingames-api\\vendor\\laravel\\framework\\src\\Illuminate\\Database\\Connection.php(338): Illuminate\\Database\\Connection->run()
#5 D:\\code\\01-cashingames\\cashingames-api\\vendor\\laravel\\framework\\src\\Illuminate\\Database\\Query\\Builder.php(2132): Illuminate\\Database\\Connection->select()
#6 D:\\code\\01-cashingames\\cashingames-api\\vendor\\laravel\\framework\\src\\Illuminate\\Database\\Query\\Builder.php(2120): Illuminate\\Database\\Query\\Builder->runSelect()
#7 D:\\code\\01-cashingames\\cashingames-api\\vendor\\laravel\\framework\\src\\Illuminate\\Database\\Query\\Builder.php(2592): Illuminate\\Database\\Query\\Builder->Illuminate\\Database\\Query\\{closure}()
#8 D:\\code\\01-cashingames\\cashingames-api\\vendor\\laravel\\framework\\src\\Illuminate\\Database\\Query\\Builder.php(2121): Illuminate\\Database\\Query\\Builder->onceWithColumns()
#9 D:\\code\\01-cashingames\\cashingames-api\\vendor\\laravel\\framework\\src\\Illuminate\\Database\\Eloquent\\Builder.php(537): Illuminate\\Database\\Query\\Builder->get()
#10 D:\\code\\01-cashingames\\cashingames-api\\vendor\\laravel\\framework\\src\\Illuminate\\Database\\Eloquent\\Relations\\BelongsToMany.php(636): Illuminate\\Database\\Eloquent\\Builder->getModels()
#11 D:\\code\\01-cashingames\\cashingames-api\\vendor\\laravel\\framework\\src\\Illuminate\\Database\\Eloquent\\Relations\\BelongsToMany.php(585): Illuminate\\Database\\Eloquent\\Relations\\BelongsToMany->get()
#12 D:\\code\\01-cashingames\\cashingames-api\\app\\Http\\Controllers\\GameController.php(102): Illuminate\\Database\\Eloquent\\Relations\\BelongsToMany->first()
#13 [internal function]: App\\Http\\Controllers\\GameController->fetchQuestion()
#14 D:\\code\\01-cashingames\\cashingames-api\\vendor\\laravel\\framework\\src\\Illuminate\\Routing\\Controller.php(54): call_user_func_array()
#15 D:\\code\\01-cashingames\\cashingames-api\\vendor\\laravel\\framework\\src\\Illuminate\\Routing\\ControllerDispatcher.php(45): Illuminate\\Routing\\Controller->callAction()
#16 D:\\code\\01-cashingames\\cashingames-api\\vendor\\laravel\\framework\\src\\Illuminate\\Routing\\Route.php(219): Illuminate\\Routing\\ControllerDispatcher->dispatch()
#17 D:\\code\\01-cashingames\\cashingames-api\\vendor\\laravel\\framework\\src\\Illuminate\\Routing\\Route.php(176): Illuminate\\Routing\\Route->runController()
#18 D:\\code\\01-cashingames\\cashingames-api\\vendor\\laravel\\framework\\src\\Illuminate\\Routing\\Router.php(681): Illuminate\\Routing\\Route->run()
#19 D:\\code\\01-cashingames\\cashingames-api\\vendor\\laravel\\framework\\src\\Illuminate\\Pipeline\\Pipeline.php(130): Illuminate\\Routing\\Router->Illuminate\\Routing\\{closure}()
#20 D:\\code\\01-cashingames\\cashingames-api\\vendor\\laravel\\framework\\src\\Illuminate\\Routing\\Middleware\\SubstituteBindings.php(41): Illuminate\\Pipeline\\Pipeline->Illuminate\\Pipeline\\{closure}()
#21 D:\\code\\01-cashingames\\cashingames-api\\vendor\\laravel\\framework\\src\\Illuminate\\Pipeline\\Pipeline.php(171): Illuminate\\Routing\\Middleware\\SubstituteBindings->handle()
#22 D:\\code\\01-cashingames\\cashingames-api\\vendor\\laravel\\framework\\src\\Illuminate\\Routing\\Middleware\\ThrottleRequests.php(59): Illuminate\\Pipeline\\Pipeline->Illuminate\\Pipeline\\{closure}()
#23 D:\\code\\01-cashingames\\cashingames-api\\vendor\\laravel\\framework\\src\\Illuminate\\Pipeline\\Pipeline.php(171): Illuminate\\Routing\\Middleware\\ThrottleRequests->handle()
#24 D:\\code\\01-cashingames\\cashingames-api\\vendor\\laravel\\framework\\src\\Illuminate\\Auth\\Middleware\\Authenticate.php(43): Illuminate\\Pipeline\\Pipeline->Illuminate\\Pipeline\\{closure}()
#25 D:\\code\\01-cashingames\\cashingames-api\\vendor\\laravel\\framework\\src\\Illuminate\\Pipeline\\Pipeline.php(171): Illuminate\\Auth\\Middleware\\Authenticate->handle()
#26 D:\\code\\01-cashingames\\cashingames-api\\vendor\\laravel\\framework\\src\\Illuminate\\Pipeline\\Pipeline.php(105): Illuminate\\Pipeline\\Pipeline->Illuminate\\Pipeline\\{closure}()
#27 D:\\code\\01-cashingames\\cashingames-api\\vendor\\laravel\\framework\\src\\Illuminate\\Routing\\Router.php(683): Illuminate\\Pipeline\\Pipeline->then()
#28 D:\\code\\01-cashingames\\cashingames-api\\vendor\\laravel\\framework\\src\\Illuminate\\Routing\\Router.php(658): Illuminate\\Routing\\Router->runRouteWithinStack()
#29 D:\\code\\01-cashingames\\cashingames-api\\vendor\\laravel\\framework\\src\\Illuminate\\Routing\\Router.php(624): Illuminate\\Routing\\Router->runRoute()
#30 D:\\code\\01-cashingames\\cashingames-api\\vendor\\laravel\\framework\\src\\Illuminate\\Routing\\Router.php(613): Illuminate\\Routing\\Router->dispatchToRoute()
#31 D:\\code\\01-cashingames\\cashingames-api\\vendor\\laravel\\framework\\src\\Illuminate\\Foundation\\Http\\Kernel.php(170): Illuminate\\Routing\\Router->dispatch()
#32 D:\\code\\01-cashingames\\cashingames-api\\vendor\\laravel\\framework\\src\\Illuminate\\Pipeline\\Pipeline.php(130): Illuminate\\Foundation\\Http\\Kernel->Illuminate\\Foundation\\Http\\{closure}()
#33 D:\\code\\01-cashingames\\cashingames-api\\vendor\\barryvdh\\laravel-cors\\src\\HandleCors.php(36): Illuminate\\Pipeline\\Pipeline->Illuminate\\Pipeline\\{closure}()
#34 D:\\code\\01-cashingames\\cashingames-api\\vendor\\laravel\\framework\\src\\Illuminate\\Pipeline\\Pipeline.php(171): Barryvdh\\Cors\\HandleCors->handle()
#35 D:\\code\\01-cashingames\\cashingames-api\\vendor\\laravel\\framework\\src\\Illuminate\\Foundation\\Http\\Middleware\\TransformsRequest.php(21): Illuminate\\Pipeline\\Pipeline->Illuminate\\Pipeline\\{closure}()
#36 D:\\code\\01-cashingames\\cashingames-api\\vendor\\laravel\\framework\\src\\Illuminate\\Pipeline\\Pipeline.php(171): Illuminate\\Foundation\\Http\\Middleware\\TransformsRequest->handle()
#37 D:\\code\\01-cashingames\\cashingames-api\\vendor\\laravel\\framework\\src\\Illuminate\\Foundation\\Http\\Middleware\\TransformsRequest.php(21): Illuminate\\Pipeline\\Pipeline->Illuminate\\Pipeline\\{closure}()
#38 D:\\code\\01-cashingames\\cashingames-api\\vendor\\laravel\\framework\\src\\Illuminate\\Pipeline\\Pipeline.php(171): Illuminate\\Foundation\\Http\\Middleware\\TransformsRequest->handle()
#39 D:\\code\\01-cashingames\\cashingames-api\\vendor\\laravel\\framework\\src\\Illuminate\\Foundation\\Http\\Middleware\\ValidatePostSize.php(27): Illuminate\\Pipeline\\Pipeline->Illuminate\\Pipeline\\{closure}()
#40 D:\\code\\01-cashingames\\cashingames-api\\vendor\\laravel\\framework\\src\\Illuminate\\Pipeline\\Pipeline.php(171): Illuminate\\Foundation\\Http\\Middleware\\ValidatePostSize->handle()
#41 D:\\code\\01-cashingames\\cashingames-api\\vendor\\laravel\\framework\\src\\Illuminate\\Foundation\\Http\\Middleware\\CheckForMaintenanceMode.php(63): Illuminate\\Pipeline\\Pipeline->Illuminate\\Pipeline\\{closure}()
#42 D:\\code\\01-cashingames\\cashingames-api\\vendor\\laravel\\framework\\src\\Illuminate\\Pipeline\\Pipeline.php(171): Illuminate\\Foundation\\Http\\Middleware\\CheckForMaintenanceMode->handle()
#43 D:\\code\\01-cashingames\\cashingames-api\\vendor\\fideloper\\proxy\\src\\TrustProxies.php(57): Illuminate\\Pipeline\\Pipeline->Illuminate\\Pipeline\\{closure}()
#44 D:\\code\\01-cashingames\\cashingames-api\\vendor\\laravel\\framework\\src\\Illuminate\\Pipeline\\Pipeline.php(171): Fideloper\\Proxy\\TrustProxies->handle()
#45 D:\\code\\01-cashingames\\cashingames-api\\vendor\\laravel\\framework\\src\\Illuminate\\Pipeline\\Pipeline.php(105): Illuminate\\Pipeline\\Pipeline->Illuminate\\Pipeline\\{closure}()
#46 D:\\code\\01-cashingames\\cashingames-api\\vendor\\laravel\\framework\\src\\Illuminate\\Foundation\\Http\\Kernel.php(145): Illuminate\\Pipeline\\Pipeline->then()
#47 D:\\code\\01-cashingames\\cashingames-api\\vendor\\laravel\\framework\\src\\Illuminate\\Foundation\\Http\\Kernel.php(110): Illuminate\\Foundation\\Http\\Kernel->sendRequestThroughRouter()
#48 D:\\code\\01-cashingames\\cashingames-api\\public\\index.php(55): Illuminate\\Foundation\\Http\\Kernel->handle()
#49 D:\\code\\01-cashingames\\cashingames-api\\server.php(21): require_once('D:\\\\code\\\\01-cash...')
#50 {main}
"} 
[2020-03-23 05:18:41] local.ERROR: SQLSTATE[42S22]: Column not found: 1054 Unknown column '0' in 'where clause' (SQL: select `questions`.*, `game_questions`.`game_id` as `pivot_game_id`, `game_questions`.`question_id` as `pivot_question_id`, `game_questions`.`is_correct` as `pivot_is_correct`, `game_questions`.`created_at` as `pivot_created_at` from `questions` inner join `game_questions` on `questions`.`id` = `game_questions`.`question_id` where `game_questions`.`game_id` = 378 and (`0` = id and `1` = 43) limit 1) {"userId":11,"exception":"[object] (Illuminate\\Database\\QueryException(code: 42S22): SQLSTATE[42S22]: Column not found: 1054 Unknown column '0' in 'where clause' (SQL: select `questions`.*, `game_questions`.`game_id` as `pivot_game_id`, `game_questions`.`question_id` as `pivot_question_id`, `game_questions`.`is_correct` as `pivot_is_correct`, `game_questions`.`created_at` as `pivot_created_at` from `questions` inner join `game_questions` on `questions`.`id` = `game_questions`.`question_id` where `game_questions`.`game_id` = 378 and (`0` = id and `1` = 43) limit 1) at D:\\code\\01-cashingames\\cashingames-api\\vendor\\laravel\\framework\\src\\Illuminate\\Database\\Connection.php:669)
[stacktrace]
#0 D:\\code\\01-cashingames\\cashingames-api\\vendor\\laravel\\framework\\src\\Illuminate\\Database\\Connection.php(629): Illuminate\\Database\\Connection->runQueryCallback()
#1 D:\\code\\01-cashingames\\cashingames-api\\vendor\\laravel\\framework\\src\\Illuminate\\Database\\Connection.php(338): Illuminate\\Database\\Connection->run()
#2 D:\\code\\01-cashingames\\cashingames-api\\vendor\\laravel\\framework\\src\\Illuminate\\Database\\Query\\Builder.php(2132): Illuminate\\Database\\Connection->select()
#3 D:\\code\\01-cashingames\\cashingames-api\\vendor\\laravel\\framework\\src\\Illuminate\\Database\\Query\\Builder.php(2120): Illuminate\\Database\\Query\\Builder->runSelect()
#4 D:\\code\\01-cashingames\\cashingames-api\\vendor\\laravel\\framework\\src\\Illuminate\\Database\\Query\\Builder.php(2592): Illuminate\\Database\\Query\\Builder->Illuminate\\Database\\Query\\{closure}()
#5 D:\\code\\01-cashingames\\cashingames-api\\vendor\\laravel\\framework\\src\\Illuminate\\Database\\Query\\Builder.php(2121): Illuminate\\Database\\Query\\Builder->onceWithColumns()
#6 D:\\code\\01-cashingames\\cashingames-api\\vendor\\laravel\\framework\\src\\Illuminate\\Database\\Eloquent\\Builder.php(537): Illuminate\\Database\\Query\\Builder->get()
#7 D:\\code\\01-cashingames\\cashingames-api\\vendor\\laravel\\framework\\src\\Illuminate\\Database\\Eloquent\\Relations\\BelongsToMany.php(636): Illuminate\\Database\\Eloquent\\Builder->getModels()
#8 D:\\code\\01-cashingames\\cashingames-api\\vendor\\laravel\\framework\\src\\Illuminate\\Database\\Eloquent\\Relations\\BelongsToMany.php(585): Illuminate\\Database\\Eloquent\\Relations\\BelongsToMany->get()
#9 D:\\code\\01-cashingames\\cashingames-api\\app\\Http\\Controllers\\GameController.php(102): Illuminate\\Database\\Eloquent\\Relations\\BelongsToMany->first()
#10 [internal function]: App\\Http\\Controllers\\GameController->fetchQuestion()
#11 D:\\code\\01-cashingames\\cashingames-api\\vendor\\laravel\\framework\\src\\Illuminate\\Routing\\Controller.php(54): call_user_func_array()
#12 D:\\code\\01-cashingames\\cashingames-api\\vendor\\laravel\\framework\\src\\Illuminate\\Routing\\ControllerDispatcher.php(45): Illuminate\\Routing\\Controller->callAction()
#13 D:\\code\\01-cashingames\\cashingames-api\\vendor\\laravel\\framework\\src\\Illuminate\\Routing\\Route.php(219): Illuminate\\Routing\\ControllerDispatcher->dispatch()
#14 D:\\code\\01-cashingames\\cashingames-api\\vendor\\laravel\\framework\\src\\Illuminate\\Routing\\Route.php(176): Illuminate\\Routing\\Route->runController()
#15 D:\\code\\01-cashingames\\cashingames-api\\vendor\\laravel\\framework\\src\\Illuminate\\Routing\\Router.php(681): Illuminate\\Routing\\Route->run()
#16 D:\\code\\01-cashingames\\cashingames-api\\vendor\\laravel\\framework\\src\\Illuminate\\Pipeline\\Pipeline.php(130): Illuminate\\Routing\\Router->Illuminate\\Routing\\{closure}()
#17 D:\\code\\01-cashingames\\cashingames-api\\vendor\\laravel\\framework\\src\\Illuminate\\Routing\\Middleware\\SubstituteBindings.php(41): Illuminate\\Pipeline\\Pipeline->Illuminate\\Pipeline\\{closure}()
#18 D:\\code\\01-cashingames\\cashingames-api\\vendor\\laravel\\framework\\src\\Illuminate\\Pipeline\\Pipeline.php(171): Illuminate\\Routing\\Middleware\\SubstituteBindings->handle()
#19 D:\\code\\01-cashingames\\cashingames-api\\vendor\\laravel\\framework\\src\\Illuminate\\Routing\\Middleware\\ThrottleRequests.php(59): Illuminate\\Pipeline\\Pipeline->Illuminate\\Pipeline\\{closure}()
#20 D:\\code\\01-cashingames\\cashingames-api\\vendor\\laravel\\framework\\src\\Illuminate\\Pipeline\\Pipeline.php(171): Illuminate\\Routing\\Middleware\\ThrottleRequests->handle()
#21 D:\\code\\01-cashingames\\cashingames-api\\vendor\\laravel\\framework\\src\\Illuminate\\Auth\\Middleware\\Authenticate.php(43): Illuminate\\Pipeline\\Pipeline->Illuminate\\Pipeline\\{closure}()
#22 D:\\code\\01-cashingames\\cashingames-api\\vendor\\laravel\\framework\\src\\Illuminate\\Pipeline\\Pipeline.php(171): Illuminate\\Auth\\Middleware\\Authenticate->handle()
#23 D:\\code\\01-cashingames\\cashingames-api\\vendor\\laravel\\framework\\src\\Illuminate\\Pipeline\\Pipeline.php(105): Illuminate\\Pipeline\\Pipeline->Illuminate\\Pipeline\\{closure}()
#24 D:\\code\\01-cashingames\\cashingames-api\\vendor\\laravel\\framework\\src\\Illuminate\\Routing\\Router.php(683): Illuminate\\Pipeline\\Pipeline->then()
#25 D:\\code\\01-cashingames\\cashingames-api\\vendor\\laravel\\framework\\src\\Illuminate\\Routing\\Router.php(658): Illuminate\\Routing\\Router->runRouteWithinStack()
#26 D:\\code\\01-cashingames\\cashingames-api\\vendor\\laravel\\framework\\src\\Illuminate\\Routing\\Router.php(624): Illuminate\\Routing\\Router->runRoute()
#27 D:\\code\\01-cashingames\\cashingames-api\\vendor\\laravel\\framework\\src\\Illuminate\\Routing\\Router.php(613): Illuminate\\Routing\\Router->dispatchToRoute()
#28 D:\\code\\01-cashingames\\cashingames-api\\vendor\\laravel\\framework\\src\\Illuminate\\Foundation\\Http\\Kernel.php(170): Illuminate\\Routing\\Router->dispatch()
#29 D:\\code\\01-cashingames\\cashingames-api\\vendor\\laravel\\framework\\src\\Illuminate\\Pipeline\\Pipeline.php(130): Illuminate\\Foundation\\Http\\Kernel->Illuminate\\Foundation\\Http\\{closure}()
#30 D:\\code\\01-cashingames\\cashingames-api\\vendor\\barryvdh\\laravel-cors\\src\\HandleCors.php(36): Illuminate\\Pipeline\\Pipeline->Illuminate\\Pipeline\\{closure}()
#31 D:\\code\\01-cashingames\\cashingames-api\\vendor\\laravel\\framework\\src\\Illuminate\\Pipeline\\Pipeline.php(171): Barryvdh\\Cors\\HandleCors->handle()
#32 D:\\code\\01-cashingames\\cashingames-api\\vendor\\laravel\\framework\\src\\Illuminate\\Foundation\\Http\\Middleware\\TransformsRequest.php(21): Illuminate\\Pipeline\\Pipeline->Illuminate\\Pipeline\\{closure}()
#33 D:\\code\\01-cashingames\\cashingames-api\\vendor\\laravel\\framework\\src\\Illuminate\\Pipeline\\Pipeline.php(171): Illuminate\\Foundation\\Http\\Middleware\\TransformsRequest->handle()
#34 D:\\code\\01-cashingames\\cashingames-api\\vendor\\laravel\\framework\\src\\Illuminate\\Foundation\\Http\\Middleware\\TransformsRequest.php(21): Illuminate\\Pipeline\\Pipeline->Illuminate\\Pipeline\\{closure}()
#35 D:\\code\\01-cashingames\\cashingames-api\\vendor\\laravel\\framework\\src\\Illuminate\\Pipeline\\Pipeline.php(171): Illuminate\\Foundation\\Http\\Middleware\\TransformsRequest->handle()
#36 D:\\code\\01-cashingames\\cashingames-api\\vendor\\laravel\\framework\\src\\Illuminate\\Foundation\\Http\\Middleware\\ValidatePostSize.php(27): Illuminate\\Pipeline\\Pipeline->Illuminate\\Pipeline\\{closure}()
#37 D:\\code\\01-cashingames\\cashingames-api\\vendor\\laravel\\framework\\src\\Illuminate\\Pipeline\\Pipeline.php(171): Illuminate\\Foundation\\Http\\Middleware\\ValidatePostSize->handle()
#38 D:\\code\\01-cashingames\\cashingames-api\\vendor\\laravel\\framework\\src\\Illuminate\\Foundation\\Http\\Middleware\\CheckForMaintenanceMode.php(63): Illuminate\\Pipeline\\Pipeline->Illuminate\\Pipeline\\{closure}()
#39 D:\\code\\01-cashingames\\cashingames-api\\vendor\\laravel\\framework\\src\\Illuminate\\Pipeline\\Pipeline.php(171): Illuminate\\Foundation\\Http\\Middleware\\CheckForMaintenanceMode->handle()
#40 D:\\code\\01-cashingames\\cashingames-api\\vendor\\fideloper\\proxy\\src\\TrustProxies.php(57): Illuminate\\Pipeline\\Pipeline->Illuminate\\Pipeline\\{closure}()
#41 D:\\code\\01-cashingames\\cashingames-api\\vendor\\laravel\\framework\\src\\Illuminate\\Pipeline\\Pipeline.php(171): Fideloper\\Proxy\\TrustProxies->handle()
#42 D:\\code\\01-cashingames\\cashingames-api\\vendor\\laravel\\framework\\src\\Illuminate\\Pipeline\\Pipeline.php(105): Illuminate\\Pipeline\\Pipeline->Illuminate\\Pipeline\\{closure}()
#43 D:\\code\\01-cashingames\\cashingames-api\\vendor\\laravel\\framework\\src\\Illuminate\\Foundation\\Http\\Kernel.php(145): Illuminate\\Pipeline\\Pipeline->then()
#44 D:\\code\\01-cashingames\\cashingames-api\\vendor\\laravel\\framework\\src\\Illuminate\\Foundation\\Http\\Kernel.php(110): Illuminate\\Foundation\\Http\\Kernel->sendRequestThroughRouter()
#45 D:\\code\\01-cashingames\\cashingames-api\\public\\index.php(55): Illuminate\\Foundation\\Http\\Kernel->handle()
#46 D:\\code\\01-cashingames\\cashingames-api\\server.php(21): require_once('D:\\\\code\\\\01-cash...')
#47 {main}

[previous exception] [object] (Doctrine\\DBAL\\Driver\\PDOException(code: 42S22): SQLSTATE[42S22]: Column not found: 1054 Unknown column '0' in 'where clause' at D:\\code\\01-cashingames\\cashingames-api\\vendor\\doctrine\\dbal\\lib\\Doctrine\\DBAL\\Driver\\PDOConnection.php:63)
[stacktrace]
#0 D:\\code\\01-cashingames\\cashingames-api\\vendor\\laravel\\framework\\src\\Illuminate\\Database\\Connection.php(331): Doctrine\\DBAL\\Driver\\PDOConnection->prepare()
#1 D:\\code\\01-cashingames\\cashingames-api\\vendor\\laravel\\framework\\src\\Illuminate\\Database\\Connection.php(662): Illuminate\\Database\\Connection->Illuminate\\Database\\{closure}()
#2 D:\\code\\01-cashingames\\cashingames-api\\vendor\\laravel\\framework\\src\\Illuminate\\Database\\Connection.php(629): Illuminate\\Database\\Connection->runQueryCallback()
#3 D:\\code\\01-cashingames\\cashingames-api\\vendor\\laravel\\framework\\src\\Illuminate\\Database\\Connection.php(338): Illuminate\\Database\\Connection->run()
#4 D:\\code\\01-cashingames\\cashingames-api\\vendor\\laravel\\framework\\src\\Illuminate\\Database\\Query\\Builder.php(2132): Illuminate\\Database\\Connection->select()
#5 D:\\code\\01-cashingames\\cashingames-api\\vendor\\laravel\\framework\\src\\Illuminate\\Database\\Query\\Builder.php(2120): Illuminate\\Database\\Query\\Builder->runSelect()
#6 D:\\code\\01-cashingames\\cashingames-api\\vendor\\laravel\\framework\\src\\Illuminate\\Database\\Query\\Builder.php(2592): Illuminate\\Database\\Query\\Builder->Illuminate\\Database\\Query\\{closure}()
#7 D:\\code\\01-cashingames\\cashingames-api\\vendor\\laravel\\framework\\src\\Illuminate\\Database\\Query\\Builder.php(2121): Illuminate\\Database\\Query\\Builder->onceWithColumns()
#8 D:\\code\\01-cashingames\\cashingames-api\\vendor\\laravel\\framework\\src\\Illuminate\\Database\\Eloquent\\Builder.php(537): Illuminate\\Database\\Query\\Builder->get()
#9 D:\\code\\01-cashingames\\cashingames-api\\vendor\\laravel\\framework\\src\\Illuminate\\Database\\Eloquent\\Relations\\BelongsToMany.php(636): Illuminate\\Database\\Eloquent\\Builder->getModels()
#10 D:\\code\\01-cashingames\\cashingames-api\\vendor\\laravel\\framework\\src\\Illuminate\\Database\\Eloquent\\Relations\\BelongsToMany.php(585): Illuminate\\Database\\Eloquent\\Relations\\BelongsToMany->get()
#11 D:\\code\\01-cashingames\\cashingames-api\\app\\Http\\Controllers\\GameController.php(102): Illuminate\\Database\\Eloquent\\Relations\\BelongsToMany->first()
#12 [internal function]: App\\Http\\Controllers\\GameController->fetchQuestion()
#13 D:\\code\\01-cashingames\\cashingames-api\\vendor\\laravel\\framework\\src\\Illuminate\\Routing\\Controller.php(54): call_user_func_array()
#14 D:\\code\\01-cashingames\\cashingames-api\\vendor\\laravel\\framework\\src\\Illuminate\\Routing\\ControllerDispatcher.php(45): Illuminate\\Routing\\Controller->callAction()
#15 D:\\code\\01-cashingames\\cashingames-api\\vendor\\laravel\\framework\\src\\Illuminate\\Routing\\Route.php(219): Illuminate\\Routing\\ControllerDispatcher->dispatch()
#16 D:\\code\\01-cashingames\\cashingames-api\\vendor\\laravel\\framework\\src\\Illuminate\\Routing\\Route.php(176): Illuminate\\Routing\\Route->runController()
#17 D:\\code\\01-cashingames\\cashingames-api\\vendor\\laravel\\framework\\src\\Illuminate\\Routing\\Router.php(681): Illuminate\\Routing\\Route->run()
#18 D:\\code\\01-cashingames\\cashingames-api\\vendor\\laravel\\framework\\src\\Illuminate\\Pipeline\\Pipeline.php(130): Illuminate\\Routing\\Router->Illuminate\\Routing\\{closure}()
#19 D:\\code\\01-cashingames\\cashingames-api\\vendor\\laravel\\framework\\src\\Illuminate\\Routing\\Middleware\\SubstituteBindings.php(41): Illuminate\\Pipeline\\Pipeline->Illuminate\\Pipeline\\{closure}()
#20 D:\\code\\01-cashingames\\cashingames-api\\vendor\\laravel\\framework\\src\\Illuminate\\Pipeline\\Pipeline.php(171): Illuminate\\Routing\\Middleware\\SubstituteBindings->handle()
#21 D:\\code\\01-cashingames\\cashingames-api\\vendor\\laravel\\framework\\src\\Illuminate\\Routing\\Middleware\\ThrottleRequests.php(59): Illuminate\\Pipeline\\Pipeline->Illuminate\\Pipeline\\{closure}()
#22 D:\\code\\01-cashingames\\cashingames-api\\vendor\\laravel\\framework\\src\\Illuminate\\Pipeline\\Pipeline.php(171): Illuminate\\Routing\\Middleware\\ThrottleRequests->handle()
#23 D:\\code\\01-cashingames\\cashingames-api\\vendor\\laravel\\framework\\src\\Illuminate\\Auth\\Middleware\\Authenticate.php(43): Illuminate\\Pipeline\\Pipeline->Illuminate\\Pipeline\\{closure}()
#24 D:\\code\\01-cashingames\\cashingames-api\\vendor\\laravel\\framework\\src\\Illuminate\\Pipeline\\Pipeline.php(171): Illuminate\\Auth\\Middleware\\Authenticate->handle()
#25 D:\\code\\01-cashingames\\cashingames-api\\vendor\\laravel\\framework\\src\\Illuminate\\Pipeline\\Pipeline.php(105): Illuminate\\Pipeline\\Pipeline->Illuminate\\Pipeline\\{closure}()
#26 D:\\code\\01-cashingames\\cashingames-api\\vendor\\laravel\\framework\\src\\Illuminate\\Routing\\Router.php(683): Illuminate\\Pipeline\\Pipeline->then()
#27 D:\\code\\01-cashingames\\cashingames-api\\vendor\\laravel\\framework\\src\\Illuminate\\Routing\\Router.php(658): Illuminate\\Routing\\Router->runRouteWithinStack()
#28 D:\\code\\01-cashingames\\cashingames-api\\vendor\\laravel\\framework\\src\\Illuminate\\Routing\\Router.php(624): Illuminate\\Routing\\Router->runRoute()
#29 D:\\code\\01-cashingames\\cashingames-api\\vendor\\laravel\\framework\\src\\Illuminate\\Routing\\Router.php(613): Illuminate\\Routing\\Router->dispatchToRoute()
#30 D:\\code\\01-cashingames\\cashingames-api\\vendor\\laravel\\framework\\src\\Illuminate\\Foundation\\Http\\Kernel.php(170): Illuminate\\Routing\\Router->dispatch()
#31 D:\\code\\01-cashingames\\cashingames-api\\vendor\\laravel\\framework\\src\\Illuminate\\Pipeline\\Pipeline.php(130): Illuminate\\Foundation\\Http\\Kernel->Illuminate\\Foundation\\Http\\{closure}()
#32 D:\\code\\01-cashingames\\cashingames-api\\vendor\\barryvdh\\laravel-cors\\src\\HandleCors.php(36): Illuminate\\Pipeline\\Pipeline->Illuminate\\Pipeline\\{closure}()
#33 D:\\code\\01-cashingames\\cashingames-api\\vendor\\laravel\\framework\\src\\Illuminate\\Pipeline\\Pipeline.php(171): Barryvdh\\Cors\\HandleCors->handle()
#34 D:\\code\\01-cashingames\\cashingames-api\\vendor\\laravel\\framework\\src\\Illuminate\\Foundation\\Http\\Middleware\\TransformsRequest.php(21): Illuminate\\Pipeline\\Pipeline->Illuminate\\Pipeline\\{closure}()
#35 D:\\code\\01-cashingames\\cashingames-api\\vendor\\laravel\\framework\\src\\Illuminate\\Pipeline\\Pipeline.php(171): Illuminate\\Foundation\\Http\\Middleware\\TransformsRequest->handle()
#36 D:\\code\\01-cashingames\\cashingames-api\\vendor\\laravel\\framework\\src\\Illuminate\\Foundation\\Http\\Middleware\\TransformsRequest.php(21): Illuminate\\Pipeline\\Pipeline->Illuminate\\Pipeline\\{closure}()
#37 D:\\code\\01-cashingames\\cashingames-api\\vendor\\laravel\\framework\\src\\Illuminate\\Pipeline\\Pipeline.php(171): Illuminate\\Foundation\\Http\\Middleware\\TransformsRequest->handle()
#38 D:\\code\\01-cashingames\\cashingames-api\\vendor\\laravel\\framework\\src\\Illuminate\\Foundation\\Http\\Middleware\\ValidatePostSize.php(27): Illuminate\\Pipeline\\Pipeline->Illuminate\\Pipeline\\{closure}()
#39 D:\\code\\01-cashingames\\cashingames-api\\vendor\\laravel\\framework\\src\\Illuminate\\Pipeline\\Pipeline.php(171): Illuminate\\Foundation\\Http\\Middleware\\ValidatePostSize->handle()
#40 D:\\code\\01-cashingames\\cashingames-api\\vendor\\laravel\\framework\\src\\Illuminate\\Foundation\\Http\\Middleware\\CheckForMaintenanceMode.php(63): Illuminate\\Pipeline\\Pipeline->Illuminate\\Pipeline\\{closure}()
#41 D:\\code\\01-cashingames\\cashingames-api\\vendor\\laravel\\framework\\src\\Illuminate\\Pipeline\\Pipeline.php(171): Illuminate\\Foundation\\Http\\Middleware\\CheckForMaintenanceMode->handle()
#42 D:\\code\\01-cashingames\\cashingames-api\\vendor\\fideloper\\proxy\\src\\TrustProxies.php(57): Illuminate\\Pipeline\\Pipeline->Illuminate\\Pipeline\\{closure}()
#43 D:\\code\\01-cashingames\\cashingames-api\\vendor\\laravel\\framework\\src\\Illuminate\\Pipeline\\Pipeline.php(171): Fideloper\\Proxy\\TrustProxies->handle()
#44 D:\\code\\01-cashingames\\cashingames-api\\vendor\\laravel\\framework\\src\\Illuminate\\Pipeline\\Pipeline.php(105): Illuminate\\Pipeline\\Pipeline->Illuminate\\Pipeline\\{closure}()
#45 D:\\code\\01-cashingames\\cashingames-api\\vendor\\laravel\\framework\\src\\Illuminate\\Foundation\\Http\\Kernel.php(145): Illuminate\\Pipeline\\Pipeline->then()
#46 D:\\code\\01-cashingames\\cashingames-api\\vendor\\laravel\\framework\\src\\Illuminate\\Foundation\\Http\\Kernel.php(110): Illuminate\\Foundation\\Http\\Kernel->sendRequestThroughRouter()
#47 D:\\code\\01-cashingames\\cashingames-api\\public\\index.php(55): Illuminate\\Foundation\\Http\\Kernel->handle()
#48 D:\\code\\01-cashingames\\cashingames-api\\server.php(21): require_once('D:\\\\code\\\\01-cash...')
#49 {main}

[previous exception] [object] (PDOException(code: 42S22): SQLSTATE[42S22]: Column not found: 1054 Unknown column '0' in 'where clause' at D:\\code\\01-cashingames\\cashingames-api\\vendor\\doctrine\\dbal\\lib\\Doctrine\\DBAL\\Driver\\PDOConnection.php:61)
[stacktrace]
#0 D:\\code\\01-cashingames\\cashingames-api\\vendor\\doctrine\\dbal\\lib\\Doctrine\\DBAL\\Driver\\PDOConnection.php(61): PDO->prepare()
#1 D:\\code\\01-cashingames\\cashingames-api\\vendor\\laravel\\framework\\src\\Illuminate\\Database\\Connection.php(331): Doctrine\\DBAL\\Driver\\PDOConnection->prepare()
#2 D:\\code\\01-cashingames\\cashingames-api\\vendor\\laravel\\framework\\src\\Illuminate\\Database\\Connection.php(662): Illuminate\\Database\\Connection->Illuminate\\Database\\{closure}()
#3 D:\\code\\01-cashingames\\cashingames-api\\vendor\\laravel\\framework\\src\\Illuminate\\Database\\Connection.php(629): Illuminate\\Database\\Connection->runQueryCallback()
#4 D:\\code\\01-cashingames\\cashingames-api\\vendor\\laravel\\framework\\src\\Illuminate\\Database\\Connection.php(338): Illuminate\\Database\\Connection->run()
#5 D:\\code\\01-cashingames\\cashingames-api\\vendor\\laravel\\framework\\src\\Illuminate\\Database\\Query\\Builder.php(2132): Illuminate\\Database\\Connection->select()
#6 D:\\code\\01-cashingames\\cashingames-api\\vendor\\laravel\\framework\\src\\Illuminate\\Database\\Query\\Builder.php(2120): Illuminate\\Database\\Query\\Builder->runSelect()
#7 D:\\code\\01-cashingames\\cashingames-api\\vendor\\laravel\\framework\\src\\Illuminate\\Database\\Query\\Builder.php(2592): Illuminate\\Database\\Query\\Builder->Illuminate\\Database\\Query\\{closure}()
#8 D:\\code\\01-cashingames\\cashingames-api\\vendor\\laravel\\framework\\src\\Illuminate\\Database\\Query\\Builder.php(2121): Illuminate\\Database\\Query\\Builder->onceWithColumns()
#9 D:\\code\\01-cashingames\\cashingames-api\\vendor\\laravel\\framework\\src\\Illuminate\\Database\\Eloquent\\Builder.php(537): Illuminate\\Database\\Query\\Builder->get()
#10 D:\\code\\01-cashingames\\cashingames-api\\vendor\\laravel\\framework\\src\\Illuminate\\Database\\Eloquent\\Relations\\BelongsToMany.php(636): Illuminate\\Database\\Eloquent\\Builder->getModels()
#11 D:\\code\\01-cashingames\\cashingames-api\\vendor\\laravel\\framework\\src\\Illuminate\\Database\\Eloquent\\Relations\\BelongsToMany.php(585): Illuminate\\Database\\Eloquent\\Relations\\BelongsToMany->get()
#12 D:\\code\\01-cashingames\\cashingames-api\\app\\Http\\Controllers\\GameController.php(102): Illuminate\\Database\\Eloquent\\Relations\\BelongsToMany->first()
#13 [internal function]: App\\Http\\Controllers\\GameController->fetchQuestion()
#14 D:\\code\\01-cashingames\\cashingames-api\\vendor\\laravel\\framework\\src\\Illuminate\\Routing\\Controller.php(54): call_user_func_array()
#15 D:\\code\\01-cashingames\\cashingames-api\\vendor\\laravel\\framework\\src\\Illuminate\\Routing\\ControllerDispatcher.php(45): Illuminate\\Routing\\Controller->callAction()
#16 D:\\code\\01-cashingames\\cashingames-api\\vendor\\laravel\\framework\\src\\Illuminate\\Routing\\Route.php(219): Illuminate\\Routing\\ControllerDispatcher->dispatch()
#17 D:\\code\\01-cashingames\\cashingames-api\\vendor\\laravel\\framework\\src\\Illuminate\\Routing\\Route.php(176): Illuminate\\Routing\\Route->runController()
#18 D:\\code\\01-cashingames\\cashingames-api\\vendor\\laravel\\framework\\src\\Illuminate\\Routing\\Router.php(681): Illuminate\\Routing\\Route->run()
#19 D:\\code\\01-cashingames\\cashingames-api\\vendor\\laravel\\framework\\src\\Illuminate\\Pipeline\\Pipeline.php(130): Illuminate\\Routing\\Router->Illuminate\\Routing\\{closure}()
#20 D:\\code\\01-cashingames\\cashingames-api\\vendor\\laravel\\framework\\src\\Illuminate\\Routing\\Middleware\\SubstituteBindings.php(41): Illuminate\\Pipeline\\Pipeline->Illuminate\\Pipeline\\{closure}()
#21 D:\\code\\01-cashingames\\cashingames-api\\vendor\\laravel\\framework\\src\\Illuminate\\Pipeline\\Pipeline.php(171): Illuminate\\Routing\\Middleware\\SubstituteBindings->handle()
#22 D:\\code\\01-cashingames\\cashingames-api\\vendor\\laravel\\framework\\src\\Illuminate\\Routing\\Middleware\\ThrottleRequests.php(59): Illuminate\\Pipeline\\Pipeline->Illuminate\\Pipeline\\{closure}()
#23 D:\\code\\01-cashingames\\cashingames-api\\vendor\\laravel\\framework\\src\\Illuminate\\Pipeline\\Pipeline.php(171): Illuminate\\Routing\\Middleware\\ThrottleRequests->handle()
#24 D:\\code\\01-cashingames\\cashingames-api\\vendor\\laravel\\framework\\src\\Illuminate\\Auth\\Middleware\\Authenticate.php(43): Illuminate\\Pipeline\\Pipeline->Illuminate\\Pipeline\\{closure}()
#25 D:\\code\\01-cashingames\\cashingames-api\\vendor\\laravel\\framework\\src\\Illuminate\\Pipeline\\Pipeline.php(171): Illuminate\\Auth\\Middleware\\Authenticate->handle()
#26 D:\\code\\01-cashingames\\cashingames-api\\vendor\\laravel\\framework\\src\\Illuminate\\Pipeline\\Pipeline.php(105): Illuminate\\Pipeline\\Pipeline->Illuminate\\Pipeline\\{closure}()
#27 D:\\code\\01-cashingames\\cashingames-api\\vendor\\laravel\\framework\\src\\Illuminate\\Routing\\Router.php(683): Illuminate\\Pipeline\\Pipeline->then()
#28 D:\\code\\01-cashingames\\cashingames-api\\vendor\\laravel\\framework\\src\\Illuminate\\Routing\\Router.php(658): Illuminate\\Routing\\Router->runRouteWithinStack()
#29 D:\\code\\01-cashingames\\cashingames-api\\vendor\\laravel\\framework\\src\\Illuminate\\Routing\\Router.php(624): Illuminate\\Routing\\Router->runRoute()
#30 D:\\code\\01-cashingames\\cashingames-api\\vendor\\laravel\\framework\\src\\Illuminate\\Routing\\Router.php(613): Illuminate\\Routing\\Router->dispatchToRoute()
#31 D:\\code\\01-cashingames\\cashingames-api\\vendor\\laravel\\framework\\src\\Illuminate\\Foundation\\Http\\Kernel.php(170): Illuminate\\Routing\\Router->dispatch()
#32 D:\\code\\01-cashingames\\cashingames-api\\vendor\\laravel\\framework\\src\\Illuminate\\Pipeline\\Pipeline.php(130): Illuminate\\Foundation\\Http\\Kernel->Illuminate\\Foundation\\Http\\{closure}()
#33 D:\\code\\01-cashingames\\cashingames-api\\vendor\\barryvdh\\laravel-cors\\src\\HandleCors.php(36): Illuminate\\Pipeline\\Pipeline->Illuminate\\Pipeline\\{closure}()
#34 D:\\code\\01-cashingames\\cashingames-api\\vendor\\laravel\\framework\\src\\Illuminate\\Pipeline\\Pipeline.php(171): Barryvdh\\Cors\\HandleCors->handle()
#35 D:\\code\\01-cashingames\\cashingames-api\\vendor\\laravel\\framework\\src\\Illuminate\\Foundation\\Http\\Middleware\\TransformsRequest.php(21): Illuminate\\Pipeline\\Pipeline->Illuminate\\Pipeline\\{closure}()
#36 D:\\code\\01-cashingames\\cashingames-api\\vendor\\laravel\\framework\\src\\Illuminate\\Pipeline\\Pipeline.php(171): Illuminate\\Foundation\\Http\\Middleware\\TransformsRequest->handle()
#37 D:\\code\\01-cashingames\\cashingames-api\\vendor\\laravel\\framework\\src\\Illuminate\\Foundation\\Http\\Middleware\\TransformsRequest.php(21): Illuminate\\Pipeline\\Pipeline->Illuminate\\Pipeline\\{closure}()
#38 D:\\code\\01-cashingames\\cashingames-api\\vendor\\laravel\\framework\\src\\Illuminate\\Pipeline\\Pipeline.php(171): Illuminate\\Foundation\\Http\\Middleware\\TransformsRequest->handle()
#39 D:\\code\\01-cashingames\\cashingames-api\\vendor\\laravel\\framework\\src\\Illuminate\\Foundation\\Http\\Middleware\\ValidatePostSize.php(27): Illuminate\\Pipeline\\Pipeline->Illuminate\\Pipeline\\{closure}()
#40 D:\\code\\01-cashingames\\cashingames-api\\vendor\\laravel\\framework\\src\\Illuminate\\Pipeline\\Pipeline.php(171): Illuminate\\Foundation\\Http\\Middleware\\ValidatePostSize->handle()
#41 D:\\code\\01-cashingames\\cashingames-api\\vendor\\laravel\\framework\\src\\Illuminate\\Foundation\\Http\\Middleware\\CheckForMaintenanceMode.php(63): Illuminate\\Pipeline\\Pipeline->Illuminate\\Pipeline\\{closure}()
#42 D:\\code\\01-cashingames\\cashingames-api\\vendor\\laravel\\framework\\src\\Illuminate\\Pipeline\\Pipeline.php(171): Illuminate\\Foundation\\Http\\Middleware\\CheckForMaintenanceMode->handle()
#43 D:\\code\\01-cashingames\\cashingames-api\\vendor\\fideloper\\proxy\\src\\TrustProxies.php(57): Illuminate\\Pipeline\\Pipeline->Illuminate\\Pipeline\\{closure}()
#44 D:\\code\\01-cashingames\\cashingames-api\\vendor\\laravel\\framework\\src\\Illuminate\\Pipeline\\Pipeline.php(171): Fideloper\\Proxy\\TrustProxies->handle()
#45 D:\\code\\01-cashingames\\cashingames-api\\vendor\\laravel\\framework\\src\\Illuminate\\Pipeline\\Pipeline.php(105): Illuminate\\Pipeline\\Pipeline->Illuminate\\Pipeline\\{closure}()
#46 D:\\code\\01-cashingames\\cashingames-api\\vendor\\laravel\\framework\\src\\Illuminate\\Foundation\\Http\\Kernel.php(145): Illuminate\\Pipeline\\Pipeline->then()
#47 D:\\code\\01-cashingames\\cashingames-api\\vendor\\laravel\\framework\\src\\Illuminate\\Foundation\\Http\\Kernel.php(110): Illuminate\\Foundation\\Http\\Kernel->sendRequestThroughRouter()
#48 D:\\code\\01-cashingames\\cashingames-api\\public\\index.php(55): Illuminate\\Foundation\\Http\\Kernel->handle()
#49 D:\\code\\01-cashingames\\cashingames-api\\server.php(21): require_once('D:\\\\code\\\\01-cash...')
#50 {main}
"} 
[2020-03-23 17:05:38] local.ERROR: Method Illuminate\Database\Eloquent\Collection::with does not exist. {"userId":11,"exception":"[object] (BadMethodCallException(code: 0): Method Illuminate\\Database\\Eloquent\\Collection::with does not exist. at D:\\code\\01-cashingames\\cashingames-api\\vendor\\laravel\\framework\\src\\Illuminate\\Support\\Traits\\Macroable.php:103)
[stacktrace]
#0 D:\\code\\01-cashingames\\cashingames-api\\app\\Http\\Controllers\\GameController.php(118): Illuminate\\Support\\Collection->__call()
#1 [internal function]: App\\Http\\Controllers\\GameController->fetchQuestion()
#2 D:\\code\\01-cashingames\\cashingames-api\\vendor\\laravel\\framework\\src\\Illuminate\\Routing\\Controller.php(54): call_user_func_array()
#3 D:\\code\\01-cashingames\\cashingames-api\\vendor\\laravel\\framework\\src\\Illuminate\\Routing\\ControllerDispatcher.php(45): Illuminate\\Routing\\Controller->callAction()
#4 D:\\code\\01-cashingames\\cashingames-api\\vendor\\laravel\\framework\\src\\Illuminate\\Routing\\Route.php(219): Illuminate\\Routing\\ControllerDispatcher->dispatch()
#5 D:\\code\\01-cashingames\\cashingames-api\\vendor\\laravel\\framework\\src\\Illuminate\\Routing\\Route.php(176): Illuminate\\Routing\\Route->runController()
#6 D:\\code\\01-cashingames\\cashingames-api\\vendor\\laravel\\framework\\src\\Illuminate\\Routing\\Router.php(681): Illuminate\\Routing\\Route->run()
#7 D:\\code\\01-cashingames\\cashingames-api\\vendor\\laravel\\framework\\src\\Illuminate\\Pipeline\\Pipeline.php(130): Illuminate\\Routing\\Router->Illuminate\\Routing\\{closure}()
#8 D:\\code\\01-cashingames\\cashingames-api\\vendor\\laravel\\framework\\src\\Illuminate\\Routing\\Middleware\\SubstituteBindings.php(41): Illuminate\\Pipeline\\Pipeline->Illuminate\\Pipeline\\{closure}()
#9 D:\\code\\01-cashingames\\cashingames-api\\vendor\\laravel\\framework\\src\\Illuminate\\Pipeline\\Pipeline.php(171): Illuminate\\Routing\\Middleware\\SubstituteBindings->handle()
#10 D:\\code\\01-cashingames\\cashingames-api\\vendor\\laravel\\framework\\src\\Illuminate\\Routing\\Middleware\\ThrottleRequests.php(59): Illuminate\\Pipeline\\Pipeline->Illuminate\\Pipeline\\{closure}()
#11 D:\\code\\01-cashingames\\cashingames-api\\vendor\\laravel\\framework\\src\\Illuminate\\Pipeline\\Pipeline.php(171): Illuminate\\Routing\\Middleware\\ThrottleRequests->handle()
#12 D:\\code\\01-cashingames\\cashingames-api\\vendor\\laravel\\framework\\src\\Illuminate\\Auth\\Middleware\\Authenticate.php(43): Illuminate\\Pipeline\\Pipeline->Illuminate\\Pipeline\\{closure}()
#13 D:\\code\\01-cashingames\\cashingames-api\\vendor\\laravel\\framework\\src\\Illuminate\\Pipeline\\Pipeline.php(171): Illuminate\\Auth\\Middleware\\Authenticate->handle()
#14 D:\\code\\01-cashingames\\cashingames-api\\vendor\\laravel\\framework\\src\\Illuminate\\Pipeline\\Pipeline.php(105): Illuminate\\Pipeline\\Pipeline->Illuminate\\Pipeline\\{closure}()
#15 D:\\code\\01-cashingames\\cashingames-api\\vendor\\laravel\\framework\\src\\Illuminate\\Routing\\Router.php(683): Illuminate\\Pipeline\\Pipeline->then()
#16 D:\\code\\01-cashingames\\cashingames-api\\vendor\\laravel\\framework\\src\\Illuminate\\Routing\\Router.php(658): Illuminate\\Routing\\Router->runRouteWithinStack()
#17 D:\\code\\01-cashingames\\cashingames-api\\vendor\\laravel\\framework\\src\\Illuminate\\Routing\\Router.php(624): Illuminate\\Routing\\Router->runRoute()
#18 D:\\code\\01-cashingames\\cashingames-api\\vendor\\laravel\\framework\\src\\Illuminate\\Routing\\Router.php(613): Illuminate\\Routing\\Router->dispatchToRoute()
#19 D:\\code\\01-cashingames\\cashingames-api\\vendor\\laravel\\framework\\src\\Illuminate\\Foundation\\Http\\Kernel.php(170): Illuminate\\Routing\\Router->dispatch()
#20 D:\\code\\01-cashingames\\cashingames-api\\vendor\\laravel\\framework\\src\\Illuminate\\Pipeline\\Pipeline.php(130): Illuminate\\Foundation\\Http\\Kernel->Illuminate\\Foundation\\Http\\{closure}()
#21 D:\\code\\01-cashingames\\cashingames-api\\vendor\\barryvdh\\laravel-debugbar\\src\\Middleware\\InjectDebugbar.php(65): Illuminate\\Pipeline\\Pipeline->Illuminate\\Pipeline\\{closure}()
#22 D:\\code\\01-cashingames\\cashingames-api\\vendor\\laravel\\framework\\src\\Illuminate\\Pipeline\\Pipeline.php(171): Barryvdh\\Debugbar\\Middleware\\InjectDebugbar->handle()
#23 D:\\code\\01-cashingames\\cashingames-api\\vendor\\barryvdh\\laravel-cors\\src\\HandleCors.php(36): Illuminate\\Pipeline\\Pipeline->Illuminate\\Pipeline\\{closure}()
#24 D:\\code\\01-cashingames\\cashingames-api\\vendor\\laravel\\framework\\src\\Illuminate\\Pipeline\\Pipeline.php(171): Barryvdh\\Cors\\HandleCors->handle()
#25 D:\\code\\01-cashingames\\cashingames-api\\vendor\\laravel\\framework\\src\\Illuminate\\Foundation\\Http\\Middleware\\TransformsRequest.php(21): Illuminate\\Pipeline\\Pipeline->Illuminate\\Pipeline\\{closure}()
#26 D:\\code\\01-cashingames\\cashingames-api\\vendor\\laravel\\framework\\src\\Illuminate\\Pipeline\\Pipeline.php(171): Illuminate\\Foundation\\Http\\Middleware\\TransformsRequest->handle()
#27 D:\\code\\01-cashingames\\cashingames-api\\vendor\\laravel\\framework\\src\\Illuminate\\Foundation\\Http\\Middleware\\TransformsRequest.php(21): Illuminate\\Pipeline\\Pipeline->Illuminate\\Pipeline\\{closure}()
#28 D:\\code\\01-cashingames\\cashingames-api\\vendor\\laravel\\framework\\src\\Illuminate\\Pipeline\\Pipeline.php(171): Illuminate\\Foundation\\Http\\Middleware\\TransformsRequest->handle()
#29 D:\\code\\01-cashingames\\cashingames-api\\vendor\\laravel\\framework\\src\\Illuminate\\Foundation\\Http\\Middleware\\ValidatePostSize.php(27): Illuminate\\Pipeline\\Pipeline->Illuminate\\Pipeline\\{closure}()
#30 D:\\code\\01-cashingames\\cashingames-api\\vendor\\laravel\\framework\\src\\Illuminate\\Pipeline\\Pipeline.php(171): Illuminate\\Foundation\\Http\\Middleware\\ValidatePostSize->handle()
#31 D:\\code\\01-cashingames\\cashingames-api\\vendor\\laravel\\framework\\src\\Illuminate\\Foundation\\Http\\Middleware\\CheckForMaintenanceMode.php(63): Illuminate\\Pipeline\\Pipeline->Illuminate\\Pipeline\\{closure}()
#32 D:\\code\\01-cashingames\\cashingames-api\\vendor\\laravel\\framework\\src\\Illuminate\\Pipeline\\Pipeline.php(171): Illuminate\\Foundation\\Http\\Middleware\\CheckForMaintenanceMode->handle()
#33 D:\\code\\01-cashingames\\cashingames-api\\vendor\\fideloper\\proxy\\src\\TrustProxies.php(57): Illuminate\\Pipeline\\Pipeline->Illuminate\\Pipeline\\{closure}()
#34 D:\\code\\01-cashingames\\cashingames-api\\vendor\\laravel\\framework\\src\\Illuminate\\Pipeline\\Pipeline.php(171): Fideloper\\Proxy\\TrustProxies->handle()
#35 D:\\code\\01-cashingames\\cashingames-api\\vendor\\laravel\\framework\\src\\Illuminate\\Pipeline\\Pipeline.php(105): Illuminate\\Pipeline\\Pipeline->Illuminate\\Pipeline\\{closure}()
#36 D:\\code\\01-cashingames\\cashingames-api\\vendor\\laravel\\framework\\src\\Illuminate\\Foundation\\Http\\Kernel.php(145): Illuminate\\Pipeline\\Pipeline->then()
#37 D:\\code\\01-cashingames\\cashingames-api\\vendor\\laravel\\framework\\src\\Illuminate\\Foundation\\Http\\Kernel.php(110): Illuminate\\Foundation\\Http\\Kernel->sendRequestThroughRouter()
#38 D:\\code\\01-cashingames\\cashingames-api\\public\\index.php(55): Illuminate\\Foundation\\Http\\Kernel->handle()
#39 D:\\code\\01-cashingames\\cashingames-api\\server.php(21): require_once('D:\\\\code\\\\01-cash...')
#40 {main}
"} 
[2020-03-23 17:18:00] local.ERROR: Method Illuminate\Database\Eloquent\Collection::without does not exist. {"userId":11,"exception":"[object] (BadMethodCallException(code: 0): Method Illuminate\\Database\\Eloquent\\Collection::without does not exist. at D:\\code\\01-cashingames\\cashingames-api\\vendor\\laravel\\framework\\src\\Illuminate\\Support\\Traits\\Macroable.php:103)
[stacktrace]
#0 D:\\code\\01-cashingames\\cashingames-api\\app\\Http\\Controllers\\GameController.php(88): Illuminate\\Support\\Collection->__call()
#1 [internal function]: App\\Http\\Controllers\\GameController->fetchQuestion()
#2 D:\\code\\01-cashingames\\cashingames-api\\vendor\\laravel\\framework\\src\\Illuminate\\Routing\\Controller.php(54): call_user_func_array()
#3 D:\\code\\01-cashingames\\cashingames-api\\vendor\\laravel\\framework\\src\\Illuminate\\Routing\\ControllerDispatcher.php(45): Illuminate\\Routing\\Controller->callAction()
#4 D:\\code\\01-cashingames\\cashingames-api\\vendor\\laravel\\framework\\src\\Illuminate\\Routing\\Route.php(219): Illuminate\\Routing\\ControllerDispatcher->dispatch()
#5 D:\\code\\01-cashingames\\cashingames-api\\vendor\\laravel\\framework\\src\\Illuminate\\Routing\\Route.php(176): Illuminate\\Routing\\Route->runController()
#6 D:\\code\\01-cashingames\\cashingames-api\\vendor\\laravel\\framework\\src\\Illuminate\\Routing\\Router.php(681): Illuminate\\Routing\\Route->run()
#7 D:\\code\\01-cashingames\\cashingames-api\\vendor\\laravel\\framework\\src\\Illuminate\\Pipeline\\Pipeline.php(130): Illuminate\\Routing\\Router->Illuminate\\Routing\\{closure}()
#8 D:\\code\\01-cashingames\\cashingames-api\\vendor\\laravel\\framework\\src\\Illuminate\\Routing\\Middleware\\SubstituteBindings.php(41): Illuminate\\Pipeline\\Pipeline->Illuminate\\Pipeline\\{closure}()
#9 D:\\code\\01-cashingames\\cashingames-api\\vendor\\laravel\\framework\\src\\Illuminate\\Pipeline\\Pipeline.php(171): Illuminate\\Routing\\Middleware\\SubstituteBindings->handle()
#10 D:\\code\\01-cashingames\\cashingames-api\\vendor\\laravel\\framework\\src\\Illuminate\\Routing\\Middleware\\ThrottleRequests.php(59): Illuminate\\Pipeline\\Pipeline->Illuminate\\Pipeline\\{closure}()
#11 D:\\code\\01-cashingames\\cashingames-api\\vendor\\laravel\\framework\\src\\Illuminate\\Pipeline\\Pipeline.php(171): Illuminate\\Routing\\Middleware\\ThrottleRequests->handle()
#12 D:\\code\\01-cashingames\\cashingames-api\\vendor\\laravel\\framework\\src\\Illuminate\\Auth\\Middleware\\Authenticate.php(43): Illuminate\\Pipeline\\Pipeline->Illuminate\\Pipeline\\{closure}()
#13 D:\\code\\01-cashingames\\cashingames-api\\vendor\\laravel\\framework\\src\\Illuminate\\Pipeline\\Pipeline.php(171): Illuminate\\Auth\\Middleware\\Authenticate->handle()
#14 D:\\code\\01-cashingames\\cashingames-api\\vendor\\laravel\\framework\\src\\Illuminate\\Pipeline\\Pipeline.php(105): Illuminate\\Pipeline\\Pipeline->Illuminate\\Pipeline\\{closure}()
#15 D:\\code\\01-cashingames\\cashingames-api\\vendor\\laravel\\framework\\src\\Illuminate\\Routing\\Router.php(683): Illuminate\\Pipeline\\Pipeline->then()
#16 D:\\code\\01-cashingames\\cashingames-api\\vendor\\laravel\\framework\\src\\Illuminate\\Routing\\Router.php(658): Illuminate\\Routing\\Router->runRouteWithinStack()
#17 D:\\code\\01-cashingames\\cashingames-api\\vendor\\laravel\\framework\\src\\Illuminate\\Routing\\Router.php(624): Illuminate\\Routing\\Router->runRoute()
#18 D:\\code\\01-cashingames\\cashingames-api\\vendor\\laravel\\framework\\src\\Illuminate\\Routing\\Router.php(613): Illuminate\\Routing\\Router->dispatchToRoute()
#19 D:\\code\\01-cashingames\\cashingames-api\\vendor\\laravel\\framework\\src\\Illuminate\\Foundation\\Http\\Kernel.php(170): Illuminate\\Routing\\Router->dispatch()
#20 D:\\code\\01-cashingames\\cashingames-api\\vendor\\laravel\\framework\\src\\Illuminate\\Pipeline\\Pipeline.php(130): Illuminate\\Foundation\\Http\\Kernel->Illuminate\\Foundation\\Http\\{closure}()
#21 D:\\code\\01-cashingames\\cashingames-api\\vendor\\barryvdh\\laravel-debugbar\\src\\Middleware\\InjectDebugbar.php(65): Illuminate\\Pipeline\\Pipeline->Illuminate\\Pipeline\\{closure}()
#22 D:\\code\\01-cashingames\\cashingames-api\\vendor\\laravel\\framework\\src\\Illuminate\\Pipeline\\Pipeline.php(171): Barryvdh\\Debugbar\\Middleware\\InjectDebugbar->handle()
#23 D:\\code\\01-cashingames\\cashingames-api\\vendor\\barryvdh\\laravel-cors\\src\\HandleCors.php(36): Illuminate\\Pipeline\\Pipeline->Illuminate\\Pipeline\\{closure}()
#24 D:\\code\\01-cashingames\\cashingames-api\\vendor\\laravel\\framework\\src\\Illuminate\\Pipeline\\Pipeline.php(171): Barryvdh\\Cors\\HandleCors->handle()
#25 D:\\code\\01-cashingames\\cashingames-api\\vendor\\laravel\\framework\\src\\Illuminate\\Foundation\\Http\\Middleware\\TransformsRequest.php(21): Illuminate\\Pipeline\\Pipeline->Illuminate\\Pipeline\\{closure}()
#26 D:\\code\\01-cashingames\\cashingames-api\\vendor\\laravel\\framework\\src\\Illuminate\\Pipeline\\Pipeline.php(171): Illuminate\\Foundation\\Http\\Middleware\\TransformsRequest->handle()
#27 D:\\code\\01-cashingames\\cashingames-api\\vendor\\laravel\\framework\\src\\Illuminate\\Foundation\\Http\\Middleware\\TransformsRequest.php(21): Illuminate\\Pipeline\\Pipeline->Illuminate\\Pipeline\\{closure}()
#28 D:\\code\\01-cashingames\\cashingames-api\\vendor\\laravel\\framework\\src\\Illuminate\\Pipeline\\Pipeline.php(171): Illuminate\\Foundation\\Http\\Middleware\\TransformsRequest->handle()
#29 D:\\code\\01-cashingames\\cashingames-api\\vendor\\laravel\\framework\\src\\Illuminate\\Foundation\\Http\\Middleware\\ValidatePostSize.php(27): Illuminate\\Pipeline\\Pipeline->Illuminate\\Pipeline\\{closure}()
#30 D:\\code\\01-cashingames\\cashingames-api\\vendor\\laravel\\framework\\src\\Illuminate\\Pipeline\\Pipeline.php(171): Illuminate\\Foundation\\Http\\Middleware\\ValidatePostSize->handle()
#31 D:\\code\\01-cashingames\\cashingames-api\\vendor\\laravel\\framework\\src\\Illuminate\\Foundation\\Http\\Middleware\\CheckForMaintenanceMode.php(63): Illuminate\\Pipeline\\Pipeline->Illuminate\\Pipeline\\{closure}()
#32 D:\\code\\01-cashingames\\cashingames-api\\vendor\\laravel\\framework\\src\\Illuminate\\Pipeline\\Pipeline.php(171): Illuminate\\Foundation\\Http\\Middleware\\CheckForMaintenanceMode->handle()
#33 D:\\code\\01-cashingames\\cashingames-api\\vendor\\fideloper\\proxy\\src\\TrustProxies.php(57): Illuminate\\Pipeline\\Pipeline->Illuminate\\Pipeline\\{closure}()
#34 D:\\code\\01-cashingames\\cashingames-api\\vendor\\laravel\\framework\\src\\Illuminate\\Pipeline\\Pipeline.php(171): Fideloper\\Proxy\\TrustProxies->handle()
#35 D:\\code\\01-cashingames\\cashingames-api\\vendor\\laravel\\framework\\src\\Illuminate\\Pipeline\\Pipeline.php(105): Illuminate\\Pipeline\\Pipeline->Illuminate\\Pipeline\\{closure}()
#36 D:\\code\\01-cashingames\\cashingames-api\\vendor\\laravel\\framework\\src\\Illuminate\\Foundation\\Http\\Kernel.php(145): Illuminate\\Pipeline\\Pipeline->then()
#37 D:\\code\\01-cashingames\\cashingames-api\\vendor\\laravel\\framework\\src\\Illuminate\\Foundation\\Http\\Kernel.php(110): Illuminate\\Foundation\\Http\\Kernel->sendRequestThroughRouter()
#38 D:\\code\\01-cashingames\\cashingames-api\\public\\index.php(55): Illuminate\\Foundation\\Http\\Kernel->handle()
#39 D:\\code\\01-cashingames\\cashingames-api\\server.php(21): require_once('D:\\\\code\\\\01-cash...')
#40 {main}
"} 
[2020-03-23 17:18:18] local.ERROR: Method Illuminate\Database\Eloquent\Collection::without does not exist. {"userId":11,"exception":"[object] (BadMethodCallException(code: 0): Method Illuminate\\Database\\Eloquent\\Collection::without does not exist. at D:\\code\\01-cashingames\\cashingames-api\\vendor\\laravel\\framework\\src\\Illuminate\\Support\\Traits\\Macroable.php:103)
[stacktrace]
#0 D:\\code\\01-cashingames\\cashingames-api\\app\\Http\\Controllers\\GameController.php(88): Illuminate\\Support\\Collection->__call()
#1 [internal function]: App\\Http\\Controllers\\GameController->fetchQuestion()
#2 D:\\code\\01-cashingames\\cashingames-api\\vendor\\laravel\\framework\\src\\Illuminate\\Routing\\Controller.php(54): call_user_func_array()
#3 D:\\code\\01-cashingames\\cashingames-api\\vendor\\laravel\\framework\\src\\Illuminate\\Routing\\ControllerDispatcher.php(45): Illuminate\\Routing\\Controller->callAction()
#4 D:\\code\\01-cashingames\\cashingames-api\\vendor\\laravel\\framework\\src\\Illuminate\\Routing\\Route.php(219): Illuminate\\Routing\\ControllerDispatcher->dispatch()
#5 D:\\code\\01-cashingames\\cashingames-api\\vendor\\laravel\\framework\\src\\Illuminate\\Routing\\Route.php(176): Illuminate\\Routing\\Route->runController()
#6 D:\\code\\01-cashingames\\cashingames-api\\vendor\\laravel\\framework\\src\\Illuminate\\Routing\\Router.php(681): Illuminate\\Routing\\Route->run()
#7 D:\\code\\01-cashingames\\cashingames-api\\vendor\\laravel\\framework\\src\\Illuminate\\Pipeline\\Pipeline.php(130): Illuminate\\Routing\\Router->Illuminate\\Routing\\{closure}()
#8 D:\\code\\01-cashingames\\cashingames-api\\vendor\\laravel\\framework\\src\\Illuminate\\Routing\\Middleware\\SubstituteBindings.php(41): Illuminate\\Pipeline\\Pipeline->Illuminate\\Pipeline\\{closure}()
#9 D:\\code\\01-cashingames\\cashingames-api\\vendor\\laravel\\framework\\src\\Illuminate\\Pipeline\\Pipeline.php(171): Illuminate\\Routing\\Middleware\\SubstituteBindings->handle()
#10 D:\\code\\01-cashingames\\cashingames-api\\vendor\\laravel\\framework\\src\\Illuminate\\Routing\\Middleware\\ThrottleRequests.php(59): Illuminate\\Pipeline\\Pipeline->Illuminate\\Pipeline\\{closure}()
#11 D:\\code\\01-cashingames\\cashingames-api\\vendor\\laravel\\framework\\src\\Illuminate\\Pipeline\\Pipeline.php(171): Illuminate\\Routing\\Middleware\\ThrottleRequests->handle()
#12 D:\\code\\01-cashingames\\cashingames-api\\vendor\\laravel\\framework\\src\\Illuminate\\Auth\\Middleware\\Authenticate.php(43): Illuminate\\Pipeline\\Pipeline->Illuminate\\Pipeline\\{closure}()
#13 D:\\code\\01-cashingames\\cashingames-api\\vendor\\laravel\\framework\\src\\Illuminate\\Pipeline\\Pipeline.php(171): Illuminate\\Auth\\Middleware\\Authenticate->handle()
#14 D:\\code\\01-cashingames\\cashingames-api\\vendor\\laravel\\framework\\src\\Illuminate\\Pipeline\\Pipeline.php(105): Illuminate\\Pipeline\\Pipeline->Illuminate\\Pipeline\\{closure}()
#15 D:\\code\\01-cashingames\\cashingames-api\\vendor\\laravel\\framework\\src\\Illuminate\\Routing\\Router.php(683): Illuminate\\Pipeline\\Pipeline->then()
#16 D:\\code\\01-cashingames\\cashingames-api\\vendor\\laravel\\framework\\src\\Illuminate\\Routing\\Router.php(658): Illuminate\\Routing\\Router->runRouteWithinStack()
#17 D:\\code\\01-cashingames\\cashingames-api\\vendor\\laravel\\framework\\src\\Illuminate\\Routing\\Router.php(624): Illuminate\\Routing\\Router->runRoute()
#18 D:\\code\\01-cashingames\\cashingames-api\\vendor\\laravel\\framework\\src\\Illuminate\\Routing\\Router.php(613): Illuminate\\Routing\\Router->dispatchToRoute()
#19 D:\\code\\01-cashingames\\cashingames-api\\vendor\\laravel\\framework\\src\\Illuminate\\Foundation\\Http\\Kernel.php(170): Illuminate\\Routing\\Router->dispatch()
#20 D:\\code\\01-cashingames\\cashingames-api\\vendor\\laravel\\framework\\src\\Illuminate\\Pipeline\\Pipeline.php(130): Illuminate\\Foundation\\Http\\Kernel->Illuminate\\Foundation\\Http\\{closure}()
#21 D:\\code\\01-cashingames\\cashingames-api\\vendor\\barryvdh\\laravel-debugbar\\src\\Middleware\\InjectDebugbar.php(65): Illuminate\\Pipeline\\Pipeline->Illuminate\\Pipeline\\{closure}()
#22 D:\\code\\01-cashingames\\cashingames-api\\vendor\\laravel\\framework\\src\\Illuminate\\Pipeline\\Pipeline.php(171): Barryvdh\\Debugbar\\Middleware\\InjectDebugbar->handle()
#23 D:\\code\\01-cashingames\\cashingames-api\\vendor\\barryvdh\\laravel-cors\\src\\HandleCors.php(36): Illuminate\\Pipeline\\Pipeline->Illuminate\\Pipeline\\{closure}()
#24 D:\\code\\01-cashingames\\cashingames-api\\vendor\\laravel\\framework\\src\\Illuminate\\Pipeline\\Pipeline.php(171): Barryvdh\\Cors\\HandleCors->handle()
#25 D:\\code\\01-cashingames\\cashingames-api\\vendor\\laravel\\framework\\src\\Illuminate\\Foundation\\Http\\Middleware\\TransformsRequest.php(21): Illuminate\\Pipeline\\Pipeline->Illuminate\\Pipeline\\{closure}()
#26 D:\\code\\01-cashingames\\cashingames-api\\vendor\\laravel\\framework\\src\\Illuminate\\Pipeline\\Pipeline.php(171): Illuminate\\Foundation\\Http\\Middleware\\TransformsRequest->handle()
#27 D:\\code\\01-cashingames\\cashingames-api\\vendor\\laravel\\framework\\src\\Illuminate\\Foundation\\Http\\Middleware\\TransformsRequest.php(21): Illuminate\\Pipeline\\Pipeline->Illuminate\\Pipeline\\{closure}()
#28 D:\\code\\01-cashingames\\cashingames-api\\vendor\\laravel\\framework\\src\\Illuminate\\Pipeline\\Pipeline.php(171): Illuminate\\Foundation\\Http\\Middleware\\TransformsRequest->handle()
#29 D:\\code\\01-cashingames\\cashingames-api\\vendor\\laravel\\framework\\src\\Illuminate\\Foundation\\Http\\Middleware\\ValidatePostSize.php(27): Illuminate\\Pipeline\\Pipeline->Illuminate\\Pipeline\\{closure}()
#30 D:\\code\\01-cashingames\\cashingames-api\\vendor\\laravel\\framework\\src\\Illuminate\\Pipeline\\Pipeline.php(171): Illuminate\\Foundation\\Http\\Middleware\\ValidatePostSize->handle()
#31 D:\\code\\01-cashingames\\cashingames-api\\vendor\\laravel\\framework\\src\\Illuminate\\Foundation\\Http\\Middleware\\CheckForMaintenanceMode.php(63): Illuminate\\Pipeline\\Pipeline->Illuminate\\Pipeline\\{closure}()
#32 D:\\code\\01-cashingames\\cashingames-api\\vendor\\laravel\\framework\\src\\Illuminate\\Pipeline\\Pipeline.php(171): Illuminate\\Foundation\\Http\\Middleware\\CheckForMaintenanceMode->handle()
#33 D:\\code\\01-cashingames\\cashingames-api\\vendor\\fideloper\\proxy\\src\\TrustProxies.php(57): Illuminate\\Pipeline\\Pipeline->Illuminate\\Pipeline\\{closure}()
#34 D:\\code\\01-cashingames\\cashingames-api\\vendor\\laravel\\framework\\src\\Illuminate\\Pipeline\\Pipeline.php(171): Fideloper\\Proxy\\TrustProxies->handle()
#35 D:\\code\\01-cashingames\\cashingames-api\\vendor\\laravel\\framework\\src\\Illuminate\\Pipeline\\Pipeline.php(105): Illuminate\\Pipeline\\Pipeline->Illuminate\\Pipeline\\{closure}()
#36 D:\\code\\01-cashingames\\cashingames-api\\vendor\\laravel\\framework\\src\\Illuminate\\Foundation\\Http\\Kernel.php(145): Illuminate\\Pipeline\\Pipeline->then()
#37 D:\\code\\01-cashingames\\cashingames-api\\vendor\\laravel\\framework\\src\\Illuminate\\Foundation\\Http\\Kernel.php(110): Illuminate\\Foundation\\Http\\Kernel->sendRequestThroughRouter()
#38 D:\\code\\01-cashingames\\cashingames-api\\public\\index.php(55): Illuminate\\Foundation\\Http\\Kernel->handle()
#39 D:\\code\\01-cashingames\\cashingames-api\\server.php(21): require_once('D:\\\\code\\\\01-cash...')
#40 {main}
"} 
